正在安装程序集“D:\SIOTS_HHZX\SIOTS_HHZX\WinService.WebMonitor\bin\Debug\WinService.WebMonitor.exe”。
受影响的参数是:
   assemblypath = D:\SIOTS_HHZX\SIOTS_HHZX\WinService.WebMonitor\bin\Debug\WinService.WebMonitor.exe
   logfile = D:\SIOTS_HHZX\SIOTS_HHZX\WinService.WebMonitor\bin\Debug\WinService.WebMonitor.log
没有 RunInstallerAttribute.Yes 的公共安装程序。在 D:\SIOTS_HHZX\SIOTS_HHZX\WinService.WebMonitor\bin\Debug\WinService.WebMonitor.exe 程序集中可能可以找到“Yes”属性。
查看日志文件的内容以获得 D:\SIOTS_HHZX\SIOTS_HHZX\WinService.WebMonitor\bin\Debug\WinService.WebMonitor.exe 程序集的进度。
该文件位于 D:\SIOTS_HHZX\SIOTS_HHZX\WinService.WebMonitor\bin\Debug\WinService.WebMonitor.log。
正在提交程序集“D:\SIOTS_HHZX\SIOTS_HHZX\WinService.WebMonitor\bin\Debug\WinService.WebMonitor.exe”。
受影响的参数是:
   logtoconsole = 
   assemblypath = D:\SIOTS_HHZX\SIOTS_HHZX\WinService.WebMonitor\bin\Debug\WinService.WebMonitor.exe
   logfile = D:\SIOTS_HHZX\SIOTS_HHZX\WinService.WebMonitor\bin\Debug\WinService.WebMonitor.log
没有 RunInstallerAttribute.Yes 的公共安装程序。在 D:\SIOTS_HHZX\SIOTS_HHZX\WinService.WebMonitor\bin\Debug\WinService.WebMonitor.exe 程序集中可能可以找到“Yes”属性。
没有安装程序，因此移除 InstallState 文件。
正在安装程序集“D:\SIOTS_HHZX\SIOTS_HHZX\WinService.WebMonitor\bin\Debug\WinService.WebMonitor.exe”。
受影响的参数是:
   assemblypath = D:\SIOTS_HHZX\SIOTS_HHZX\WinService.WebMonitor\bin\Debug\WinService.WebMonitor.exe
   logfile = D:\SIOTS_HHZX\SIOTS_HHZX\WinService.WebMonitor\bin\Debug\WinService.WebMonitor.log
正在安装服务 WebMonitorService...
已成功安装服务 WebMonitorService。
正在日志 Application 中创建 EventLog 源 WebMonitorService...
查看日志文件的内容以获得 D:\SIOTS_HHZX\SIOTS_HHZX\WinService.WebMonitor\bin\Debug\WinService.WebMonitor.exe 程序集的进度。
该文件位于 D:\SIOTS_HHZX\SIOTS_HHZX\WinService.WebMonitor\bin\Debug\WinService.WebMonitor.log。
正在提交程序集“D:\SIOTS_HHZX\SIOTS_HHZX\WinService.WebMonitor\bin\Debug\WinService.WebMonitor.exe”。
受影响的参数是:
   logtoconsole = 
   assemblypath = D:\SIOTS_HHZX\SIOTS_HHZX\WinService.WebMonitor\bin\Debug\WinService.WebMonitor.exe
   logfile = D:\SIOTS_HHZX\SIOTS_HHZX\WinService.WebMonitor\bin\Debug\WinService.WebMonitor.log
正在安装程序集“D:\SIOTS_HHZX\SIOTS_HHZX\WinService.WebMonitor\bin\Debug\WinService.WebMonitor.exe”。
受影响的参数是:
   assemblypath = D:\SIOTS_HHZX\SIOTS_HHZX\WinService.WebMonitor\bin\Debug\WinService.WebMonitor.exe
   logfile = D:\SIOTS_HHZX\SIOTS_HHZX\WinService.WebMonitor\bin\Debug\WinService.WebMonitor.log
正在安装服务 WebMonitorService...
正在日志 Application 中创建 EventLog 源 WebMonitorService...
正在安装程序集“D:\SIOTS_HHZX\SIOTS_HHZX\WinService.WebMonitor\bin\Debug\WinService.WebMonitor.exe”。
受影响的参数是:
   assemblypath = D:\SIOTS_HHZX\SIOTS_HHZX\WinService.WebMonitor\bin\Debug\WinService.WebMonitor.exe
   logfile = D:\SIOTS_HHZX\SIOTS_HHZX\WinService.WebMonitor\bin\Debug\WinService.WebMonitor.log
正在安装服务 WebMonitorService...
正在日志 Application 中创建 EventLog 源 WebMonitorService...
正在安装程序集“D:\SIOTS_HHZX\SIOTS_HHZX\WinService.WebMonitor\bin\Debug\WinService.WebMonitor.exe”。
受影响的参数是:
   assemblypath = D:\SIOTS_HHZX\SIOTS_HHZX\WinService.WebMonitor\bin\Debug\WinService.WebMonitor.exe
   logfile = D:\SIOTS_HHZX\SIOTS_HHZX\WinService.WebMonitor\bin\Debug\WinService.WebMonitor.log
正在安装服务 WebMonitorService...
正在日志 Application 中创建 EventLog 源 WebMonitorService...
正在安装程序集“D:\SIOTS_HHZX\SIOTS_HHZX\WinService.WebMonitor\bin\Debug\WinService.WebMonitor.exe”。
受影响的参数是:
   assemblypath = D:\SIOTS_HHZX\SIOTS_HHZX\WinService.WebMonitor\bin\Debug\WinService.WebMonitor.exe
   logfile = D:\SIOTS_HHZX\SIOTS_HHZX\WinService.WebMonitor\bin\Debug\WinService.WebMonitor.log
正在安装服务 WebMonitorService...
已成功安装服务 WebMonitorService。
正在日志 Application 中创建 EventLog 源 WebMonitorService...
查看日志文件的内容以获得 D:\SIOTS_HHZX\SIOTS_HHZX\WinService.WebMonitor\bin\Debug\WinService.WebMonitor.exe 程序集的进度。
该文件位于 D:\SIOTS_HHZX\SIOTS_HHZX\WinService.WebMonitor\bin\Debug\WinService.WebMonitor.log。
正在提交程序集“D:\SIOTS_HHZX\SIOTS_HHZX\WinService.WebMonitor\bin\Debug\WinService.WebMonitor.exe”。
受影响的参数是:
   logtoconsole = 
   assemblypath = D:\SIOTS_HHZX\SIOTS_HHZX\WinService.WebMonitor\bin\Debug\WinService.WebMonitor.exe
   logfile = D:\SIOTS_HHZX\SIOTS_HHZX\WinService.WebMonitor\bin\Debug\WinService.WebMonitor.log
正在安装程序集“D:\SIOTS_HHZX\SIOTS_HHZX\WinService.WebMonitor\bin\Debug\WinService.WebMonitor.exe”。
受影响的参数是:
   assemblypath = D:\SIOTS_HHZX\SIOTS_HHZX\WinService.WebMonitor\bin\Debug\WinService.WebMonitor.exe
   logfile = D:\SIOTS_HHZX\SIOTS_HHZX\WinService.WebMonitor\bin\Debug\WinService.WebMonitor.log
正在安装服务 WebMonitorService...
已成功安装服务 WebMonitorService。
正在日志 Application 中创建 EventLog 源 WebMonitorService...
查看日志文件的内容以获得 D:\SIOTS_HHZX\SIOTS_HHZX\WinService.WebMonitor\bin\Debug\WinService.WebMonitor.exe 程序集的进度。
该文件位于 D:\SIOTS_HHZX\SIOTS_HHZX\WinService.WebMonitor\bin\Debug\WinService.WebMonitor.log。
正在提交程序集“D:\SIOTS_HHZX\SIOTS_HHZX\WinService.WebMonitor\bin\Debug\WinService.WebMonitor.exe”。
受影响的参数是:
   logtoconsole = 
   assemblypath = D:\SIOTS_HHZX\SIOTS_HHZX\WinService.WebMonitor\bin\Debug\WinService.WebMonitor.exe
   logfile = D:\SIOTS_HHZX\SIOTS_HHZX\WinService.WebMonitor\bin\Debug\WinService.WebMonitor.log
正在安装程序集“D:\SIOTS_HHZX\SIOTS_HHZX\WinService.WebMonitor\bin\Debug\WinService.WebMonitor.exe”。
受影响的参数是:
   assemblypath = D:\SIOTS_HHZX\SIOTS_HHZX\WinService.WebMonitor\bin\Debug\WinService.WebMonitor.exe
   logfile = D:\SIOTS_HHZX\SIOTS_HHZX\WinService.WebMonitor\bin\Debug\WinService.WebMonitor.log
正在安装服务 WebMonitorService...
已成功安装服务 WebMonitorService。
正在日志 Application 中创建 EventLog 源 WebMonitorService...
查看日志文件的内容以获得 D:\SIOTS_HHZX\SIOTS_HHZX\WinService.WebMonitor\bin\Debug\WinService.WebMonitor.exe 程序集的进度。
该文件位于 D:\SIOTS_HHZX\SIOTS_HHZX\WinService.WebMonitor\bin\Debug\WinService.WebMonitor.log。
正在提交程序集“D:\SIOTS_HHZX\SIOTS_HHZX\WinService.WebMonitor\bin\Debug\WinService.WebMonitor.exe”。
受影响的参数是:
   logtoconsole = 
   assemblypath = D:\SIOTS_HHZX\SIOTS_HHZX\WinService.WebMonitor\bin\Debug\WinService.WebMonitor.exe
   logfile = D:\SIOTS_HHZX\SIOTS_HHZX\WinService.WebMonitor\bin\Debug\WinService.WebMonitor.log
