正在安装程序集“D:\SVN-Proj\SIOTS\trunk\SchoolInternetOfThings\SIOTS_HHZX\WinService.UserAccountFundSync\bin\Debug\WinService.UserAccountFundSync.exe”。
受影响的参数是:
   assemblypath = D:\SVN-Proj\SIOTS\trunk\SchoolInternetOfThings\SIOTS_HHZX\WinService.UserAccountFundSync\bin\Debug\WinService.UserAccountFundSync.exe
   logfile = D:\SVN-Proj\SIOTS\trunk\SchoolInternetOfThings\SIOTS_HHZX\WinService.UserAccountFundSync\bin\Debug\WinService.UserAccountFundSync.log
正在安装服务 UserAccountFundSyncService...
已成功安装服务 UserAccountFundSyncService。
正在日志 Application 中创建 EventLog 源 UserAccountFundSyncService...
查看日志文件的内容以获得 D:\SVN-Proj\SIOTS\trunk\SchoolInternetOfThings\SIOTS_HHZX\WinService.UserAccountFundSync\bin\Debug\WinService.UserAccountFundSync.exe 程序集的进度。
该文件位于 D:\SVN-Proj\SIOTS\trunk\SchoolInternetOfThings\SIOTS_HHZX\WinService.UserAccountFundSync\bin\Debug\WinService.UserAccountFundSync.log。
正在提交程序集“D:\SVN-Proj\SIOTS\trunk\SchoolInternetOfThings\SIOTS_HHZX\WinService.UserAccountFundSync\bin\Debug\WinService.UserAccountFundSync.exe”。
受影响的参数是:
   logtoconsole = 
   assemblypath = D:\SVN-Proj\SIOTS\trunk\SchoolInternetOfThings\SIOTS_HHZX\WinService.UserAccountFundSync\bin\Debug\WinService.UserAccountFundSync.exe
   logfile = D:\SVN-Proj\SIOTS\trunk\SchoolInternetOfThings\SIOTS_HHZX\WinService.UserAccountFundSync\bin\Debug\WinService.UserAccountFundSync.log
正在安装程序集“D:\SVN-Proj\SIOTS\trunk\SchoolInternetOfThings\SIOTS_HHZX\WinService.UserAccountFundSync\bin\Debug\WinService.UserAccountFundSync.exe”。
受影响的参数是:
   assemblypath = D:\SVN-Proj\SIOTS\trunk\SchoolInternetOfThings\SIOTS_HHZX\WinService.UserAccountFundSync\bin\Debug\WinService.UserAccountFundSync.exe
   logfile = D:\SVN-Proj\SIOTS\trunk\SchoolInternetOfThings\SIOTS_HHZX\WinService.UserAccountFundSync\bin\Debug\WinService.UserAccountFundSync.log
正在安装服务 UserAccountFundSyncService...
已成功安装服务 UserAccountFundSyncService。
正在日志 Application 中创建 EventLog 源 UserAccountFundSyncService...
查看日志文件的内容以获得 D:\SVN-Proj\SIOTS\trunk\SchoolInternetOfThings\SIOTS_HHZX\WinService.UserAccountFundSync\bin\Debug\WinService.UserAccountFundSync.exe 程序集的进度。
该文件位于 D:\SVN-Proj\SIOTS\trunk\SchoolInternetOfThings\SIOTS_HHZX\WinService.UserAccountFundSync\bin\Debug\WinService.UserAccountFundSync.log。
正在提交程序集“D:\SVN-Proj\SIOTS\trunk\SchoolInternetOfThings\SIOTS_HHZX\WinService.UserAccountFundSync\bin\Debug\WinService.UserAccountFundSync.exe”。
受影响的参数是:
   logtoconsole = 
   assemblypath = D:\SVN-Proj\SIOTS\trunk\SchoolInternetOfThings\SIOTS_HHZX\WinService.UserAccountFundSync\bin\Debug\WinService.UserAccountFundSync.exe
   logfile = D:\SVN-Proj\SIOTS\trunk\SchoolInternetOfThings\SIOTS_HHZX\WinService.UserAccountFundSync\bin\Debug\WinService.UserAccountFundSync.log
正在安装程序集“D:\SVN-Proj\SIOTS\trunk\SchoolInternetOfThings\SIOTS_HHZX\WinService.UserAccountFundSync\bin\Debug\WinService.UserAccountFundSync.exe”。
受影响的参数是:
   assemblypath = D:\SVN-Proj\SIOTS\trunk\SchoolInternetOfThings\SIOTS_HHZX\WinService.UserAccountFundSync\bin\Debug\WinService.UserAccountFundSync.exe
   logfile = D:\SVN-Proj\SIOTS\trunk\SchoolInternetOfThings\SIOTS_HHZX\WinService.UserAccountFundSync\bin\Debug\WinService.UserAccountFundSync.log
正在安装服务 UserAccountFundSyncService...
已成功安装服务 UserAccountFundSyncService。
正在日志 Application 中创建 EventLog 源 UserAccountFundSyncService...
查看日志文件的内容以获得 D:\SVN-Proj\SIOTS\trunk\SchoolInternetOfThings\SIOTS_HHZX\WinService.UserAccountFundSync\bin\Debug\WinService.UserAccountFundSync.exe 程序集的进度。
该文件位于 D:\SVN-Proj\SIOTS\trunk\SchoolInternetOfThings\SIOTS_HHZX\WinService.UserAccountFundSync\bin\Debug\WinService.UserAccountFundSync.log。
正在提交程序集“D:\SVN-Proj\SIOTS\trunk\SchoolInternetOfThings\SIOTS_HHZX\WinService.UserAccountFundSync\bin\Debug\WinService.UserAccountFundSync.exe”。
受影响的参数是:
   logtoconsole = 
   assemblypath = D:\SVN-Proj\SIOTS\trunk\SchoolInternetOfThings\SIOTS_HHZX\WinService.UserAccountFundSync\bin\Debug\WinService.UserAccountFundSync.exe
   logfile = D:\SVN-Proj\SIOTS\trunk\SchoolInternetOfThings\SIOTS_HHZX\WinService.UserAccountFundSync\bin\Debug\WinService.UserAccountFundSync.log
正在安装程序集“D:\SVN-Proj\SIOTS\trunk\SchoolInternetOfThings\SIOTS_HHZX\WinService.UserAccountFundSync\bin\Debug\WinService.UserAccountFundSync.exe”。
受影响的参数是:
   assemblypath = D:\SVN-Proj\SIOTS\trunk\SchoolInternetOfThings\SIOTS_HHZX\WinService.UserAccountFundSync\bin\Debug\WinService.UserAccountFundSync.exe
   logfile = D:\SVN-Proj\SIOTS\trunk\SchoolInternetOfThings\SIOTS_HHZX\WinService.UserAccountFundSync\bin\Debug\WinService.UserAccountFundSync.log
正在安装服务 UserAccountFundSyncService...
已成功安装服务 UserAccountFundSyncService。
正在日志 Application 中创建 EventLog 源 UserAccountFundSyncService...
查看日志文件的内容以获得 D:\SVN-Proj\SIOTS\trunk\SchoolInternetOfThings\SIOTS_HHZX\WinService.UserAccountFundSync\bin\Debug\WinService.UserAccountFundSync.exe 程序集的进度。
该文件位于 D:\SVN-Proj\SIOTS\trunk\SchoolInternetOfThings\SIOTS_HHZX\WinService.UserAccountFundSync\bin\Debug\WinService.UserAccountFundSync.log。
正在提交程序集“D:\SVN-Proj\SIOTS\trunk\SchoolInternetOfThings\SIOTS_HHZX\WinService.UserAccountFundSync\bin\Debug\WinService.UserAccountFundSync.exe”。
受影响的参数是:
   logtoconsole = 
   assemblypath = D:\SVN-Proj\SIOTS\trunk\SchoolInternetOfThings\SIOTS_HHZX\WinService.UserAccountFundSync\bin\Debug\WinService.UserAccountFundSync.exe
   logfile = D:\SVN-Proj\SIOTS\trunk\SchoolInternetOfThings\SIOTS_HHZX\WinService.UserAccountFundSync\bin\Debug\WinService.UserAccountFundSync.log
正在安装程序集“D:\SVN-Proj\SIOTS\trunk\SchoolInternetOfThings\SIOTS_HHZX\WinService.UserAccountFundSync\bin\Debug\WinService.UserAccountFundSync.exe”。
受影响的参数是:
   assemblypath = D:\SVN-Proj\SIOTS\trunk\SchoolInternetOfThings\SIOTS_HHZX\WinService.UserAccountFundSync\bin\Debug\WinService.UserAccountFundSync.exe
   logfile = D:\SVN-Proj\SIOTS\trunk\SchoolInternetOfThings\SIOTS_HHZX\WinService.UserAccountFundSync\bin\Debug\WinService.UserAccountFundSync.log
正在安装服务 UserAccountFundSyncService...
已成功安装服务 UserAccountFundSyncService。
正在日志 Application 中创建 EventLog 源 UserAccountFundSyncService...
查看日志文件的内容以获得 D:\SVN-Proj\SIOTS\trunk\SchoolInternetOfThings\SIOTS_HHZX\WinService.UserAccountFundSync\bin\Debug\WinService.UserAccountFundSync.exe 程序集的进度。
该文件位于 D:\SVN-Proj\SIOTS\trunk\SchoolInternetOfThings\SIOTS_HHZX\WinService.UserAccountFundSync\bin\Debug\WinService.UserAccountFundSync.log。
正在提交程序集“D:\SVN-Proj\SIOTS\trunk\SchoolInternetOfThings\SIOTS_HHZX\WinService.UserAccountFundSync\bin\Debug\WinService.UserAccountFundSync.exe”。
受影响的参数是:
   logtoconsole = 
   assemblypath = D:\SVN-Proj\SIOTS\trunk\SchoolInternetOfThings\SIOTS_HHZX\WinService.UserAccountFundSync\bin\Debug\WinService.UserAccountFundSync.exe
   logfile = D:\SVN-Proj\SIOTS\trunk\SchoolInternetOfThings\SIOTS_HHZX\WinService.UserAccountFundSync\bin\Debug\WinService.UserAccountFundSync.log
正在安装程序集“D:\SVN-Proj\SIOTS\trunk\SchoolInternetOfThings\SIOTS_HHZX\WinService.UserAccountFundSync\bin\Debug\WinService.UserAccountFundSync.exe”。
受影响的参数是:
   assemblypath = D:\SVN-Proj\SIOTS\trunk\SchoolInternetOfThings\SIOTS_HHZX\WinService.UserAccountFundSync\bin\Debug\WinService.UserAccountFundSync.exe
   logfile = D:\SVN-Proj\SIOTS\trunk\SchoolInternetOfThings\SIOTS_HHZX\WinService.UserAccountFundSync\bin\Debug\WinService.UserAccountFundSync.log
正在安装服务 UserAccountFundSyncService...
正在日志 Application 中创建 EventLog 源 UserAccountFundSyncService...
正在安装程序集“D:\SVN-Proj\SIOTS\trunk\SchoolInternetOfThings\SIOTS_HHZX\WinService.UserAccountFundSync\bin\Debug\WinService.UserAccountFundSync.exe”。
受影响的参数是:
   assemblypath = D:\SVN-Proj\SIOTS\trunk\SchoolInternetOfThings\SIOTS_HHZX\WinService.UserAccountFundSync\bin\Debug\WinService.UserAccountFundSync.exe
   logfile = D:\SVN-Proj\SIOTS\trunk\SchoolInternetOfThings\SIOTS_HHZX\WinService.UserAccountFundSync\bin\Debug\WinService.UserAccountFundSync.log
正在安装服务 UserAccountFundSyncService...
已成功安装服务 UserAccountFundSyncService。
正在日志 Application 中创建 EventLog 源 UserAccountFundSyncService...
查看日志文件的内容以获得 D:\SVN-Proj\SIOTS\trunk\SchoolInternetOfThings\SIOTS_HHZX\WinService.UserAccountFundSync\bin\Debug\WinService.UserAccountFundSync.exe 程序集的进度。
该文件位于 D:\SVN-Proj\SIOTS\trunk\SchoolInternetOfThings\SIOTS_HHZX\WinService.UserAccountFundSync\bin\Debug\WinService.UserAccountFundSync.log。
正在提交程序集“D:\SVN-Proj\SIOTS\trunk\SchoolInternetOfThings\SIOTS_HHZX\WinService.UserAccountFundSync\bin\Debug\WinService.UserAccountFundSync.exe”。
受影响的参数是:
   logtoconsole = 
   assemblypath = D:\SVN-Proj\SIOTS\trunk\SchoolInternetOfThings\SIOTS_HHZX\WinService.UserAccountFundSync\bin\Debug\WinService.UserAccountFundSync.exe
   logfile = D:\SVN-Proj\SIOTS\trunk\SchoolInternetOfThings\SIOTS_HHZX\WinService.UserAccountFundSync\bin\Debug\WinService.UserAccountFundSync.log
正在安装程序集“D:\SVN-Proj\SIOTS\trunk\SchoolInternetOfThings\SIOTS_HHZX\WinService.UserAccountFundSync\bin\Debug\WinService.UserAccountFundSync.exe”。
受影响的参数是:
   assemblypath = D:\SVN-Proj\SIOTS\trunk\SchoolInternetOfThings\SIOTS_HHZX\WinService.UserAccountFundSync\bin\Debug\WinService.UserAccountFundSync.exe
   logfile = D:\SVN-Proj\SIOTS\trunk\SchoolInternetOfThings\SIOTS_HHZX\WinService.UserAccountFundSync\bin\Debug\WinService.UserAccountFundSync.log
正在安装服务 UserAccountFundSyncService...
正在日志 Application 中创建 EventLog 源 UserAccountFundSyncService...
正在安装程序集“D:\SVN-Proj\SIOTS\trunk\SchoolInternetOfThings\SIOTS_HHZX\WinService.UserAccountFundSync\bin\Debug\WinService.UserAccountFundSync.exe”。
受影响的参数是:
   assemblypath = D:\SVN-Proj\SIOTS\trunk\SchoolInternetOfThings\SIOTS_HHZX\WinService.UserAccountFundSync\bin\Debug\WinService.UserAccountFundSync.exe
   logfile = D:\SVN-Proj\SIOTS\trunk\SchoolInternetOfThings\SIOTS_HHZX\WinService.UserAccountFundSync\bin\Debug\WinService.UserAccountFundSync.log
正在安装服务 UserAccountFundSyncService...
已成功安装服务 UserAccountFundSyncService。
正在日志 Application 中创建 EventLog 源 UserAccountFundSyncService...
查看日志文件的内容以获得 D:\SVN-Proj\SIOTS\trunk\SchoolInternetOfThings\SIOTS_HHZX\WinService.UserAccountFundSync\bin\Debug\WinService.UserAccountFundSync.exe 程序集的进度。
该文件位于 D:\SVN-Proj\SIOTS\trunk\SchoolInternetOfThings\SIOTS_HHZX\WinService.UserAccountFundSync\bin\Debug\WinService.UserAccountFundSync.log。
正在提交程序集“D:\SVN-Proj\SIOTS\trunk\SchoolInternetOfThings\SIOTS_HHZX\WinService.UserAccountFundSync\bin\Debug\WinService.UserAccountFundSync.exe”。
受影响的参数是:
   logtoconsole = 
   assemblypath = D:\SVN-Proj\SIOTS\trunk\SchoolInternetOfThings\SIOTS_HHZX\WinService.UserAccountFundSync\bin\Debug\WinService.UserAccountFundSync.exe
   logfile = D:\SVN-Proj\SIOTS\trunk\SchoolInternetOfThings\SIOTS_HHZX\WinService.UserAccountFundSync\bin\Debug\WinService.UserAccountFundSync.log
正在安装程序集“D:\SVN-Proj\SIOTS\trunk\SchoolInternetOfThings\SIOTS_HHZX\WinService.UserAccountFundSync\bin\Debug\WinService.UserAccountFundSync.exe”。
受影响的参数是:
   assemblypath = D:\SVN-Proj\SIOTS\trunk\SchoolInternetOfThings\SIOTS_HHZX\WinService.UserAccountFundSync\bin\Debug\WinService.UserAccountFundSync.exe
   logfile = D:\SVN-Proj\SIOTS\trunk\SchoolInternetOfThings\SIOTS_HHZX\WinService.UserAccountFundSync\bin\Debug\WinService.UserAccountFundSync.log
正在安装服务 UserAccountFundSyncService...
已成功安装服务 UserAccountFundSyncService。
正在日志 Application 中创建 EventLog 源 UserAccountFundSyncService...
查看日志文件的内容以获得 D:\SVN-Proj\SIOTS\trunk\SchoolInternetOfThings\SIOTS_HHZX\WinService.UserAccountFundSync\bin\Debug\WinService.UserAccountFundSync.exe 程序集的进度。
该文件位于 D:\SVN-Proj\SIOTS\trunk\SchoolInternetOfThings\SIOTS_HHZX\WinService.UserAccountFundSync\bin\Debug\WinService.UserAccountFundSync.log。
正在提交程序集“D:\SVN-Proj\SIOTS\trunk\SchoolInternetOfThings\SIOTS_HHZX\WinService.UserAccountFundSync\bin\Debug\WinService.UserAccountFundSync.exe”。
受影响的参数是:
   logtoconsole = 
   assemblypath = D:\SVN-Proj\SIOTS\trunk\SchoolInternetOfThings\SIOTS_HHZX\WinService.UserAccountFundSync\bin\Debug\WinService.UserAccountFundSync.exe
   logfile = D:\SVN-Proj\SIOTS\trunk\SchoolInternetOfThings\SIOTS_HHZX\WinService.UserAccountFundSync\bin\Debug\WinService.UserAccountFundSync.log
正在安装程序集“D:\WindowsServices\AccountSync\WinService.UserAccountFundSync.exe”。
受影响的参数是:
   assemblypath = D:\WindowsServices\AccountSync\WinService.UserAccountFundSync.exe
   logfile = D:\SVN-Proj\SIOTS\trunk\SchoolInternetOfThings\SIOTS_HHZX\WinService.UserAccountFundSync\bin\Debug\WinService.UserAccountFundSync.log
正在安装服务 UserAccountFundSyncService...
已成功安装服务 UserAccountFundSyncService。
正在日志 Application 中创建 EventLog 源 UserAccountFundSyncService...
查看日志文件的内容以获得 D:\WindowsServices\AccountSync\WinService.UserAccountFundSync.exe 程序集的进度。
该文件位于 D:\SVN-Proj\SIOTS\trunk\SchoolInternetOfThings\SIOTS_HHZX\WinService.UserAccountFundSync\bin\Debug\WinService.UserAccountFundSync.log。
正在提交程序集“D:\WindowsServices\AccountSync\WinService.UserAccountFundSync.exe”。
受影响的参数是:
   logtoconsole = 
   assemblypath = D:\WindowsServices\AccountSync\WinService.UserAccountFundSync.exe
   logfile = D:\SVN-Proj\SIOTS\trunk\SchoolInternetOfThings\SIOTS_HHZX\WinService.UserAccountFundSync\bin\Debug\WinService.UserAccountFundSync.log
正在安装程序集“D:\SVN-Proj\SIOTS\trunk\SchoolInternetOfThings\SIOTS_HHZX\WinService.UserAccountFundSync\bin\Debug\WinService.UserAccountFundSync.exe”。
受影响的参数是:
   assemblypath = D:\SVN-Proj\SIOTS\trunk\SchoolInternetOfThings\SIOTS_HHZX\WinService.UserAccountFundSync\bin\Debug\WinService.UserAccountFundSync.exe
   logfile = D:\SVN-Proj\SIOTS\trunk\SchoolInternetOfThings\SIOTS_HHZX\WinService.UserAccountFundSync\bin\Debug\WinService.UserAccountFundSync.log
正在安装服务 UserAccountFundSyncService...
已成功安装服务 UserAccountFundSyncService。
正在日志 Application 中创建 EventLog 源 UserAccountFundSyncService...
查看日志文件的内容以获得 D:\SVN-Proj\SIOTS\trunk\SchoolInternetOfThings\SIOTS_HHZX\WinService.UserAccountFundSync\bin\Debug\WinService.UserAccountFundSync.exe 程序集的进度。
该文件位于 D:\SVN-Proj\SIOTS\trunk\SchoolInternetOfThings\SIOTS_HHZX\WinService.UserAccountFundSync\bin\Debug\WinService.UserAccountFundSync.log。
正在提交程序集“D:\SVN-Proj\SIOTS\trunk\SchoolInternetOfThings\SIOTS_HHZX\WinService.UserAccountFundSync\bin\Debug\WinService.UserAccountFundSync.exe”。
受影响的参数是:
   logtoconsole = 
   assemblypath = D:\SVN-Proj\SIOTS\trunk\SchoolInternetOfThings\SIOTS_HHZX\WinService.UserAccountFundSync\bin\Debug\WinService.UserAccountFundSync.exe
   logfile = D:\SVN-Proj\SIOTS\trunk\SchoolInternetOfThings\SIOTS_HHZX\WinService.UserAccountFundSync\bin\Debug\WinService.UserAccountFundSync.log
正在安装程序集“D:\SVN-Proj\SIOTS\trunk\SchoolInternetOfThings\SIOTS_HHZX\WinService.UserAccountFundSync\bin\Debug\WinService.UserAccountFundSync.exe”。
受影响的参数是:
   assemblypath = D:\SVN-Proj\SIOTS\trunk\SchoolInternetOfThings\SIOTS_HHZX\WinService.UserAccountFundSync\bin\Debug\WinService.UserAccountFundSync.exe
   logfile = D:\SVN-Proj\SIOTS\trunk\SchoolInternetOfThings\SIOTS_HHZX\WinService.UserAccountFundSync\bin\Debug\WinService.UserAccountFundSync.log
正在安装服务 UserAccountFundSyncService...
已成功安装服务 UserAccountFundSyncService。
正在日志 Application 中创建 EventLog 源 UserAccountFundSyncService...
查看日志文件的内容以获得 D:\SVN-Proj\SIOTS\trunk\SchoolInternetOfThings\SIOTS_HHZX\WinService.UserAccountFundSync\bin\Debug\WinService.UserAccountFundSync.exe 程序集的进度。
该文件位于 D:\SVN-Proj\SIOTS\trunk\SchoolInternetOfThings\SIOTS_HHZX\WinService.UserAccountFundSync\bin\Debug\WinService.UserAccountFundSync.log。
正在提交程序集“D:\SVN-Proj\SIOTS\trunk\SchoolInternetOfThings\SIOTS_HHZX\WinService.UserAccountFundSync\bin\Debug\WinService.UserAccountFundSync.exe”。
受影响的参数是:
   logtoconsole = 
   assemblypath = D:\SVN-Proj\SIOTS\trunk\SchoolInternetOfThings\SIOTS_HHZX\WinService.UserAccountFundSync\bin\Debug\WinService.UserAccountFundSync.exe
   logfile = D:\SVN-Proj\SIOTS\trunk\SchoolInternetOfThings\SIOTS_HHZX\WinService.UserAccountFundSync\bin\Debug\WinService.UserAccountFundSync.log
正在安装程序集“D:\SVN-Proj\SIOTS\trunk\SchoolInternetOfThings\SIOTS_HHZX\WinService.UserAccountFundSync\bin\Debug\WinService.UserAccountFundSync.exe”。
受影响的参数是:
   assemblypath = D:\SVN-Proj\SIOTS\trunk\SchoolInternetOfThings\SIOTS_HHZX\WinService.UserAccountFundSync\bin\Debug\WinService.UserAccountFundSync.exe
   logfile = D:\SVN-Proj\SIOTS\trunk\SchoolInternetOfThings\SIOTS_HHZX\WinService.UserAccountFundSync\bin\Debug\WinService.UserAccountFundSync.log
正在安装服务 UserAccountFundSyncService...
已成功安装服务 UserAccountFundSyncService。
正在日志 Application 中创建 EventLog 源 UserAccountFundSyncService...
查看日志文件的内容以获得 D:\SVN-Proj\SIOTS\trunk\SchoolInternetOfThings\SIOTS_HHZX\WinService.UserAccountFundSync\bin\Debug\WinService.UserAccountFundSync.exe 程序集的进度。
该文件位于 D:\SVN-Proj\SIOTS\trunk\SchoolInternetOfThings\SIOTS_HHZX\WinService.UserAccountFundSync\bin\Debug\WinService.UserAccountFundSync.log。
正在提交程序集“D:\SVN-Proj\SIOTS\trunk\SchoolInternetOfThings\SIOTS_HHZX\WinService.UserAccountFundSync\bin\Debug\WinService.UserAccountFundSync.exe”。
受影响的参数是:
   logtoconsole = 
   assemblypath = D:\SVN-Proj\SIOTS\trunk\SchoolInternetOfThings\SIOTS_HHZX\WinService.UserAccountFundSync\bin\Debug\WinService.UserAccountFundSync.exe
   logfile = D:\SVN-Proj\SIOTS\trunk\SchoolInternetOfThings\SIOTS_HHZX\WinService.UserAccountFundSync\bin\Debug\WinService.UserAccountFundSync.log
正在安装程序集“D:\Projects\SVN\HHZX\SIOTS_HHZX\WinService.UserAccountFundSync\bin\Debug\WinService.UserAccountFundSync.exe”。
受影响的参数是:
   assemblypath = D:\Projects\SVN\HHZX\SIOTS_HHZX\WinService.UserAccountFundSync\bin\Debug\WinService.UserAccountFundSync.exe
   logfile = D:\Projects\SVN\HHZX\SIOTS_HHZX\WinService.UserAccountFundSync\bin\Debug\WinService.UserAccountFundSync.log
正在安装服务 UserAccountFundSyncService...
已成功安装服务 UserAccountFundSyncService。
正在日志 Application 中创建 EventLog 源 UserAccountFundSyncService...
查看日志文件的内容以获得 D:\Projects\SVN\HHZX\SIOTS_HHZX\WinService.UserAccountFundSync\bin\Debug\WinService.UserAccountFundSync.exe 程序集的进度。
该文件位于 D:\Projects\SVN\HHZX\SIOTS_HHZX\WinService.UserAccountFundSync\bin\Debug\WinService.UserAccountFundSync.log。
正在提交程序集“D:\Projects\SVN\HHZX\SIOTS_HHZX\WinService.UserAccountFundSync\bin\Debug\WinService.UserAccountFundSync.exe”。
受影响的参数是:
   assemblypath = D:\Projects\SVN\HHZX\SIOTS_HHZX\WinService.UserAccountFundSync\bin\Debug\WinService.UserAccountFundSync.exe
   logfile = D:\Projects\SVN\HHZX\SIOTS_HHZX\WinService.UserAccountFundSync\bin\Debug\WinService.UserAccountFundSync.log
   logtoconsole = 
正在安装程序集“D:\Projects\SVN\HHZX\SIOTS_HHZX\WinService.UserAccountFundSync\bin\Debug\WinService.UserAccountFundSync.exe”。
受影响的参数是:
   assemblypath = D:\Projects\SVN\HHZX\SIOTS_HHZX\WinService.UserAccountFundSync\bin\Debug\WinService.UserAccountFundSync.exe
   logfile = D:\Projects\SVN\HHZX\SIOTS_HHZX\WinService.UserAccountFundSync\bin\Debug\WinService.UserAccountFundSync.log
正在安装服务 UserAccountFundSyncService...
已成功安装服务 UserAccountFundSyncService。
正在日志 Application 中创建 EventLog 源 UserAccountFundSyncService...
查看日志文件的内容以获得 D:\Projects\SVN\HHZX\SIOTS_HHZX\WinService.UserAccountFundSync\bin\Debug\WinService.UserAccountFundSync.exe 程序集的进度。
该文件位于 D:\Projects\SVN\HHZX\SIOTS_HHZX\WinService.UserAccountFundSync\bin\Debug\WinService.UserAccountFundSync.log。
正在提交程序集“D:\Projects\SVN\HHZX\SIOTS_HHZX\WinService.UserAccountFundSync\bin\Debug\WinService.UserAccountFundSync.exe”。
受影响的参数是:
   assemblypath = D:\Projects\SVN\HHZX\SIOTS_HHZX\WinService.UserAccountFundSync\bin\Debug\WinService.UserAccountFundSync.exe
   logfile = D:\Projects\SVN\HHZX\SIOTS_HHZX\WinService.UserAccountFundSync\bin\Debug\WinService.UserAccountFundSync.log
   logtoconsole = 
正在安装程序集“D:\Projects\SVN\HHZX\SIOTS_HHZX\WinService.UserAccountFundSync\bin\Debug\WinService.UserAccountFundSync.exe”。
受影响的参数是:
   assemblypath = D:\Projects\SVN\HHZX\SIOTS_HHZX\WinService.UserAccountFundSync\bin\Debug\WinService.UserAccountFundSync.exe
   logfile = D:\Projects\SVN\HHZX\SIOTS_HHZX\WinService.UserAccountFundSync\bin\Debug\WinService.UserAccountFundSync.log
正在安装服务 UserAccountFundSyncService...
已成功安装服务 UserAccountFundSyncService。
正在日志 Application 中创建 EventLog 源 UserAccountFundSyncService...
查看日志文件的内容以获得 D:\Projects\SVN\HHZX\SIOTS_HHZX\WinService.UserAccountFundSync\bin\Debug\WinService.UserAccountFundSync.exe 程序集的进度。
该文件位于 D:\Projects\SVN\HHZX\SIOTS_HHZX\WinService.UserAccountFundSync\bin\Debug\WinService.UserAccountFundSync.log。
正在提交程序集“D:\Projects\SVN\HHZX\SIOTS_HHZX\WinService.UserAccountFundSync\bin\Debug\WinService.UserAccountFundSync.exe”。
受影响的参数是:
   assemblypath = D:\Projects\SVN\HHZX\SIOTS_HHZX\WinService.UserAccountFundSync\bin\Debug\WinService.UserAccountFundSync.exe
   logfile = D:\Projects\SVN\HHZX\SIOTS_HHZX\WinService.UserAccountFundSync\bin\Debug\WinService.UserAccountFundSync.log
   logtoconsole = 
正在安装程序集“D:\Projects\SVN\HHZX\SIOTS_HHZX\WinService.UserAccountFundSync\bin\Debug\WinService.UserAccountFundSync.exe”。
受影响的参数是:
   assemblypath = D:\Projects\SVN\HHZX\SIOTS_HHZX\WinService.UserAccountFundSync\bin\Debug\WinService.UserAccountFundSync.exe
   logfile = D:\Projects\SVN\HHZX\SIOTS_HHZX\WinService.UserAccountFundSync\bin\Debug\WinService.UserAccountFundSync.log
正在安装服务 UserAccountFundSyncService...
已成功安装服务 UserAccountFundSyncService。
正在日志 Application 中创建 EventLog 源 UserAccountFundSyncService...
查看日志文件的内容以获得 D:\Projects\SVN\HHZX\SIOTS_HHZX\WinService.UserAccountFundSync\bin\Debug\WinService.UserAccountFundSync.exe 程序集的进度。
该文件位于 D:\Projects\SVN\HHZX\SIOTS_HHZX\WinService.UserAccountFundSync\bin\Debug\WinService.UserAccountFundSync.log。
正在提交程序集“D:\Projects\SVN\HHZX\SIOTS_HHZX\WinService.UserAccountFundSync\bin\Debug\WinService.UserAccountFundSync.exe”。
受影响的参数是:
   assemblypath = D:\Projects\SVN\HHZX\SIOTS_HHZX\WinService.UserAccountFundSync\bin\Debug\WinService.UserAccountFundSync.exe
   logfile = D:\Projects\SVN\HHZX\SIOTS_HHZX\WinService.UserAccountFundSync\bin\Debug\WinService.UserAccountFundSync.log
   logtoconsole = 
正在安装程序集“D:\Projects\SVN\HHZX\SIOTS_HHZX\WinService.UserAccountFundSync\bin\Debug\WinService.UserAccountFundSync.exe”。
受影响的参数是:
   assemblypath = D:\Projects\SVN\HHZX\SIOTS_HHZX\WinService.UserAccountFundSync\bin\Debug\WinService.UserAccountFundSync.exe
   logfile = D:\Projects\SVN\HHZX\SIOTS_HHZX\WinService.UserAccountFundSync\bin\Debug\WinService.UserAccountFundSync.log
正在安装服务 UserAccountFundSyncService...
已成功安装服务 UserAccountFundSyncService。
正在日志 Application 中创建 EventLog 源 UserAccountFundSyncService...
查看日志文件的内容以获得 D:\Projects\SVN\HHZX\SIOTS_HHZX\WinService.UserAccountFundSync\bin\Debug\WinService.UserAccountFundSync.exe 程序集的进度。
该文件位于 D:\Projects\SVN\HHZX\SIOTS_HHZX\WinService.UserAccountFundSync\bin\Debug\WinService.UserAccountFundSync.log。
正在提交程序集“D:\Projects\SVN\HHZX\SIOTS_HHZX\WinService.UserAccountFundSync\bin\Debug\WinService.UserAccountFundSync.exe”。
受影响的参数是:
   assemblypath = D:\Projects\SVN\HHZX\SIOTS_HHZX\WinService.UserAccountFundSync\bin\Debug\WinService.UserAccountFundSync.exe
   logfile = D:\Projects\SVN\HHZX\SIOTS_HHZX\WinService.UserAccountFundSync\bin\Debug\WinService.UserAccountFundSync.log
   logtoconsole = 
正在安装程序集“D:\Projects\SVN\HHZX\SIOTS_HHZX\WinService.UserAccountFundSync\bin\Debug\WinService.UserAccountFundSync.exe”。
受影响的参数是:
   assemblypath = D:\Projects\SVN\HHZX\SIOTS_HHZX\WinService.UserAccountFundSync\bin\Debug\WinService.UserAccountFundSync.exe
   logfile = D:\Projects\SVN\HHZX\SIOTS_HHZX\WinService.UserAccountFundSync\bin\Debug\WinService.UserAccountFundSync.log
正在安装服务 UserAccountFundSyncService...
已成功安装服务 UserAccountFundSyncService。
正在日志 Application 中创建 EventLog 源 UserAccountFundSyncService...
查看日志文件的内容以获得 D:\Projects\SVN\HHZX\SIOTS_HHZX\WinService.UserAccountFundSync\bin\Debug\WinService.UserAccountFundSync.exe 程序集的进度。
该文件位于 D:\Projects\SVN\HHZX\SIOTS_HHZX\WinService.UserAccountFundSync\bin\Debug\WinService.UserAccountFundSync.log。
正在提交程序集“D:\Projects\SVN\HHZX\SIOTS_HHZX\WinService.UserAccountFundSync\bin\Debug\WinService.UserAccountFundSync.exe”。
受影响的参数是:
   assemblypath = D:\Projects\SVN\HHZX\SIOTS_HHZX\WinService.UserAccountFundSync\bin\Debug\WinService.UserAccountFundSync.exe
   logfile = D:\Projects\SVN\HHZX\SIOTS_HHZX\WinService.UserAccountFundSync\bin\Debug\WinService.UserAccountFundSync.log
   logtoconsole = 
正在安装程序集“D:\Projects\SVN\HHZX\SIOTS_HHZX\WinService.UserAccountFundSync\bin\Debug\WinService.UserAccountFundSync.exe”。
受影响的参数是:
   assemblypath = D:\Projects\SVN\HHZX\SIOTS_HHZX\WinService.UserAccountFundSync\bin\Debug\WinService.UserAccountFundSync.exe
   logfile = D:\Projects\SVN\HHZX\SIOTS_HHZX\WinService.UserAccountFundSync\bin\Debug\WinService.UserAccountFundSync.log
正在安装服务 UserAccountFundSyncService...
正在日志 Application 中创建 EventLog 源 UserAccountFundSyncService...
正在安装程序集“D:\Projects\SVN\HHZX\SIOTS_HHZX\WinService.UserAccountFundSync\bin\Debug\WinService.UserAccountFundSync.exe”。
受影响的参数是:
   assemblypath = D:\Projects\SVN\HHZX\SIOTS_HHZX\WinService.UserAccountFundSync\bin\Debug\WinService.UserAccountFundSync.exe
   logfile = D:\Projects\SVN\HHZX\SIOTS_HHZX\WinService.UserAccountFundSync\bin\Debug\WinService.UserAccountFundSync.log
正在安装服务 UserAccountFundSyncService...
已成功安装服务 UserAccountFundSyncService。
正在日志 Application 中创建 EventLog 源 UserAccountFundSyncService...
查看日志文件的内容以获得 D:\Projects\SVN\HHZX\SIOTS_HHZX\WinService.UserAccountFundSync\bin\Debug\WinService.UserAccountFundSync.exe 程序集的进度。
该文件位于 D:\Projects\SVN\HHZX\SIOTS_HHZX\WinService.UserAccountFundSync\bin\Debug\WinService.UserAccountFundSync.log。
正在提交程序集“D:\Projects\SVN\HHZX\SIOTS_HHZX\WinService.UserAccountFundSync\bin\Debug\WinService.UserAccountFundSync.exe”。
受影响的参数是:
   assemblypath = D:\Projects\SVN\HHZX\SIOTS_HHZX\WinService.UserAccountFundSync\bin\Debug\WinService.UserAccountFundSync.exe
   logfile = D:\Projects\SVN\HHZX\SIOTS_HHZX\WinService.UserAccountFundSync\bin\Debug\WinService.UserAccountFundSync.log
   logtoconsole = 
正在安装程序集“D:\Projects\SVN\HHZX\SIOTS_HHZX\WinService.UserAccountFundSync\bin\Debug\WinService.UserAccountFundSync.exe”。
受影响的参数是:
   assemblypath = D:\Projects\SVN\HHZX\SIOTS_HHZX\WinService.UserAccountFundSync\bin\Debug\WinService.UserAccountFundSync.exe
   logfile = D:\Projects\SVN\HHZX\SIOTS_HHZX\WinService.UserAccountFundSync\bin\Debug\WinService.UserAccountFundSync.log
正在安装服务 UserAccountFundSyncService...
已成功安装服务 UserAccountFundSyncService。
正在日志 Application 中创建 EventLog 源 UserAccountFundSyncService...
查看日志文件的内容以获得 D:\Projects\SVN\HHZX\SIOTS_HHZX\WinService.UserAccountFundSync\bin\Debug\WinService.UserAccountFundSync.exe 程序集的进度。
该文件位于 D:\Projects\SVN\HHZX\SIOTS_HHZX\WinService.UserAccountFundSync\bin\Debug\WinService.UserAccountFundSync.log。
正在提交程序集“D:\Projects\SVN\HHZX\SIOTS_HHZX\WinService.UserAccountFundSync\bin\Debug\WinService.UserAccountFundSync.exe”。
受影响的参数是:
   assemblypath = D:\Projects\SVN\HHZX\SIOTS_HHZX\WinService.UserAccountFundSync\bin\Debug\WinService.UserAccountFundSync.exe
   logfile = D:\Projects\SVN\HHZX\SIOTS_HHZX\WinService.UserAccountFundSync\bin\Debug\WinService.UserAccountFundSync.log
   logtoconsole = 
正在安装程序集“D:\Projects\SVN\HHZX\SIOTS_HHZX\WinService.UserAccountFundSync\bin\Debug\WinService.UserAccountFundSync.exe”。
受影响的参数是:
   assemblypath = D:\Projects\SVN\HHZX\SIOTS_HHZX\WinService.UserAccountFundSync\bin\Debug\WinService.UserAccountFundSync.exe
   logfile = D:\Projects\SVN\HHZX\SIOTS_HHZX\WinService.UserAccountFundSync\bin\Debug\WinService.UserAccountFundSync.log
正在安装服务 UserAccountFundSyncService...
已成功安装服务 UserAccountFundSyncService。
正在日志 Application 中创建 EventLog 源 UserAccountFundSyncService...
查看日志文件的内容以获得 D:\Projects\SVN\HHZX\SIOTS_HHZX\WinService.UserAccountFundSync\bin\Debug\WinService.UserAccountFundSync.exe 程序集的进度。
该文件位于 D:\Projects\SVN\HHZX\SIOTS_HHZX\WinService.UserAccountFundSync\bin\Debug\WinService.UserAccountFundSync.log。
正在提交程序集“D:\Projects\SVN\HHZX\SIOTS_HHZX\WinService.UserAccountFundSync\bin\Debug\WinService.UserAccountFundSync.exe”。
受影响的参数是:
   assemblypath = D:\Projects\SVN\HHZX\SIOTS_HHZX\WinService.UserAccountFundSync\bin\Debug\WinService.UserAccountFundSync.exe
   logfile = D:\Projects\SVN\HHZX\SIOTS_HHZX\WinService.UserAccountFundSync\bin\Debug\WinService.UserAccountFundSync.log
   logtoconsole = 
正在安装程序集“D:\Projects\SVN\HHZX\SIOTS_HHZX\WinService.UserAccountFundSync\bin\Debug\WinService.UserAccountFundSync.exe”。
受影响的参数是:
   assemblypath = D:\Projects\SVN\HHZX\SIOTS_HHZX\WinService.UserAccountFundSync\bin\Debug\WinService.UserAccountFundSync.exe
   logfile = D:\Projects\SVN\HHZX\SIOTS_HHZX\WinService.UserAccountFundSync\bin\Debug\WinService.UserAccountFundSync.log
正在安装服务 UserAccountFundSyncService...
已成功安装服务 UserAccountFundSyncService。
正在日志 Application 中创建 EventLog 源 UserAccountFundSyncService...
查看日志文件的内容以获得 D:\Projects\SVN\HHZX\SIOTS_HHZX\WinService.UserAccountFundSync\bin\Debug\WinService.UserAccountFundSync.exe 程序集的进度。
该文件位于 D:\Projects\SVN\HHZX\SIOTS_HHZX\WinService.UserAccountFundSync\bin\Debug\WinService.UserAccountFundSync.log。
正在提交程序集“D:\Projects\SVN\HHZX\SIOTS_HHZX\WinService.UserAccountFundSync\bin\Debug\WinService.UserAccountFundSync.exe”。
受影响的参数是:
   assemblypath = D:\Projects\SVN\HHZX\SIOTS_HHZX\WinService.UserAccountFundSync\bin\Debug\WinService.UserAccountFundSync.exe
   logfile = D:\Projects\SVN\HHZX\SIOTS_HHZX\WinService.UserAccountFundSync\bin\Debug\WinService.UserAccountFundSync.log
   logtoconsole = 
正在安装程序集“D:\Projects\SVN\HHZX\SIOTS_HHZX\WinService.UserAccountFundSync\bin\Debug\WinService.UserAccountFundSync.exe”。
受影响的参数是:
   assemblypath = D:\Projects\SVN\HHZX\SIOTS_HHZX\WinService.UserAccountFundSync\bin\Debug\WinService.UserAccountFundSync.exe
   logfile = D:\Projects\SVN\HHZX\SIOTS_HHZX\WinService.UserAccountFundSync\bin\Debug\WinService.UserAccountFundSync.log
正在安装服务 UserAccountFundSyncService...
已成功安装服务 UserAccountFundSyncService。
正在日志 Application 中创建 EventLog 源 UserAccountFundSyncService...
查看日志文件的内容以获得 D:\Projects\SVN\HHZX\SIOTS_HHZX\WinService.UserAccountFundSync\bin\Debug\WinService.UserAccountFundSync.exe 程序集的进度。
该文件位于 D:\Projects\SVN\HHZX\SIOTS_HHZX\WinService.UserAccountFundSync\bin\Debug\WinService.UserAccountFundSync.log。
正在提交程序集“D:\Projects\SVN\HHZX\SIOTS_HHZX\WinService.UserAccountFundSync\bin\Debug\WinService.UserAccountFundSync.exe”。
受影响的参数是:
   assemblypath = D:\Projects\SVN\HHZX\SIOTS_HHZX\WinService.UserAccountFundSync\bin\Debug\WinService.UserAccountFundSync.exe
   logfile = D:\Projects\SVN\HHZX\SIOTS_HHZX\WinService.UserAccountFundSync\bin\Debug\WinService.UserAccountFundSync.log
   logtoconsole = 
正在安装程序集“D:\Projects\SVN\HHZX\SIOTS_HHZX\WinService.UserAccountFundSync\bin\Debug\WinService.UserAccountFundSync.exe”。
受影响的参数是:
   assemblypath = D:\Projects\SVN\HHZX\SIOTS_HHZX\WinService.UserAccountFundSync\bin\Debug\WinService.UserAccountFundSync.exe
   logfile = D:\Projects\SVN\HHZX\SIOTS_HHZX\WinService.UserAccountFundSync\bin\Debug\WinService.UserAccountFundSync.log
正在安装服务 UserAccountFundSyncService...
已成功安装服务 UserAccountFundSyncService。
正在日志 Application 中创建 EventLog 源 UserAccountFundSyncService...
查看日志文件的内容以获得 D:\Projects\SVN\HHZX\SIOTS_HHZX\WinService.UserAccountFundSync\bin\Debug\WinService.UserAccountFundSync.exe 程序集的进度。
该文件位于 D:\Projects\SVN\HHZX\SIOTS_HHZX\WinService.UserAccountFundSync\bin\Debug\WinService.UserAccountFundSync.log。
正在提交程序集“D:\Projects\SVN\HHZX\SIOTS_HHZX\WinService.UserAccountFundSync\bin\Debug\WinService.UserAccountFundSync.exe”。
受影响的参数是:
   assemblypath = D:\Projects\SVN\HHZX\SIOTS_HHZX\WinService.UserAccountFundSync\bin\Debug\WinService.UserAccountFundSync.exe
   logfile = D:\Projects\SVN\HHZX\SIOTS_HHZX\WinService.UserAccountFundSync\bin\Debug\WinService.UserAccountFundSync.log
   logtoconsole = 
正在安装程序集“D:\Projects\SVN\HHZX\SIOTS_HHZX\WinService.UserAccountFundSync\bin\Debug\WinService.UserAccountFundSync.exe”。
受影响的参数是:
   assemblypath = D:\Projects\SVN\HHZX\SIOTS_HHZX\WinService.UserAccountFundSync\bin\Debug\WinService.UserAccountFundSync.exe
   logfile = D:\Projects\SVN\HHZX\SIOTS_HHZX\WinService.UserAccountFundSync\bin\Debug\WinService.UserAccountFundSync.log
正在安装服务 UserAccountFundSyncService...
已成功安装服务 UserAccountFundSyncService。
正在日志 Application 中创建 EventLog 源 UserAccountFundSyncService...
查看日志文件的内容以获得 D:\Projects\SVN\HHZX\SIOTS_HHZX\WinService.UserAccountFundSync\bin\Debug\WinService.UserAccountFundSync.exe 程序集的进度。
该文件位于 D:\Projects\SVN\HHZX\SIOTS_HHZX\WinService.UserAccountFundSync\bin\Debug\WinService.UserAccountFundSync.log。
正在提交程序集“D:\Projects\SVN\HHZX\SIOTS_HHZX\WinService.UserAccountFundSync\bin\Debug\WinService.UserAccountFundSync.exe”。
受影响的参数是:
   assemblypath = D:\Projects\SVN\HHZX\SIOTS_HHZX\WinService.UserAccountFundSync\bin\Debug\WinService.UserAccountFundSync.exe
   logfile = D:\Projects\SVN\HHZX\SIOTS_HHZX\WinService.UserAccountFundSync\bin\Debug\WinService.UserAccountFundSync.log
   logtoconsole = 
正在安装程序集“D:\Projects\SVN\HHZX\SIOTS_HHZX\WinService.UserAccountFundSync\bin\Debug\WinService.UserAccountFundSync.exe”。
受影响的参数是:
   assemblypath = D:\Projects\SVN\HHZX\SIOTS_HHZX\WinService.UserAccountFundSync\bin\Debug\WinService.UserAccountFundSync.exe
   logfile = D:\Projects\SVN\HHZX\SIOTS_HHZX\WinService.UserAccountFundSync\bin\Debug\WinService.UserAccountFundSync.log
正在安装服务 UserAccountFundSyncService...
已成功安装服务 UserAccountFundSyncService。
正在日志 Application 中创建 EventLog 源 UserAccountFundSyncService...
查看日志文件的内容以获得 D:\Projects\SVN\HHZX\SIOTS_HHZX\WinService.UserAccountFundSync\bin\Debug\WinService.UserAccountFundSync.exe 程序集的进度。
该文件位于 D:\Projects\SVN\HHZX\SIOTS_HHZX\WinService.UserAccountFundSync\bin\Debug\WinService.UserAccountFundSync.log。
正在提交程序集“D:\Projects\SVN\HHZX\SIOTS_HHZX\WinService.UserAccountFundSync\bin\Debug\WinService.UserAccountFundSync.exe”。
受影响的参数是:
   assemblypath = D:\Projects\SVN\HHZX\SIOTS_HHZX\WinService.UserAccountFundSync\bin\Debug\WinService.UserAccountFundSync.exe
   logfile = D:\Projects\SVN\HHZX\SIOTS_HHZX\WinService.UserAccountFundSync\bin\Debug\WinService.UserAccountFundSync.log
   logtoconsole = 
正在安装程序集“D:\Projects\SVN\HHZX\SIOTS_HHZX\WinService.UserAccountFundSync\bin\Debug\WinService.UserAccountFundSync.exe”。
受影响的参数是:
   assemblypath = D:\Projects\SVN\HHZX\SIOTS_HHZX\WinService.UserAccountFundSync\bin\Debug\WinService.UserAccountFundSync.exe
   logfile = D:\Projects\SVN\HHZX\SIOTS_HHZX\WinService.UserAccountFundSync\bin\Debug\WinService.UserAccountFundSync.log
正在安装服务 UserAccountFundSyncService...
已成功安装服务 UserAccountFundSyncService。
正在日志 Application 中创建 EventLog 源 UserAccountFundSyncService...
查看日志文件的内容以获得 D:\Projects\SVN\HHZX\SIOTS_HHZX\WinService.UserAccountFundSync\bin\Debug\WinService.UserAccountFundSync.exe 程序集的进度。
该文件位于 D:\Projects\SVN\HHZX\SIOTS_HHZX\WinService.UserAccountFundSync\bin\Debug\WinService.UserAccountFundSync.log。
正在提交程序集“D:\Projects\SVN\HHZX\SIOTS_HHZX\WinService.UserAccountFundSync\bin\Debug\WinService.UserAccountFundSync.exe”。
受影响的参数是:
   assemblypath = D:\Projects\SVN\HHZX\SIOTS_HHZX\WinService.UserAccountFundSync\bin\Debug\WinService.UserAccountFundSync.exe
   logfile = D:\Projects\SVN\HHZX\SIOTS_HHZX\WinService.UserAccountFundSync\bin\Debug\WinService.UserAccountFundSync.log
   logtoconsole = 
正在安装程序集“D:\Projects\SVN\HHZX\SIOTS_HHZX\WinService.UserAccountFundSync\bin\Debug\WinService.UserAccountFundSync.exe”。
受影响的参数是:
   assemblypath = D:\Projects\SVN\HHZX\SIOTS_HHZX\WinService.UserAccountFundSync\bin\Debug\WinService.UserAccountFundSync.exe
   logfile = D:\Projects\SVN\HHZX\SIOTS_HHZX\WinService.UserAccountFundSync\bin\Debug\WinService.UserAccountFundSync.log
正在安装服务 UserAccountFundSyncService...
已成功安装服务 UserAccountFundSyncService。
正在日志 Application 中创建 EventLog 源 UserAccountFundSyncService...
查看日志文件的内容以获得 D:\Projects\SVN\HHZX\SIOTS_HHZX\WinService.UserAccountFundSync\bin\Debug\WinService.UserAccountFundSync.exe 程序集的进度。
该文件位于 D:\Projects\SVN\HHZX\SIOTS_HHZX\WinService.UserAccountFundSync\bin\Debug\WinService.UserAccountFundSync.log。
正在提交程序集“D:\Projects\SVN\HHZX\SIOTS_HHZX\WinService.UserAccountFundSync\bin\Debug\WinService.UserAccountFundSync.exe”。
受影响的参数是:
   assemblypath = D:\Projects\SVN\HHZX\SIOTS_HHZX\WinService.UserAccountFundSync\bin\Debug\WinService.UserAccountFundSync.exe
   logfile = D:\Projects\SVN\HHZX\SIOTS_HHZX\WinService.UserAccountFundSync\bin\Debug\WinService.UserAccountFundSync.log
   logtoconsole = 
正在安装程序集“D:\Projects\SVN\HHZX\SIOTS_HHZX\WinService.UserAccountFundSync\bin\Debug\WinService.UserAccountFundSync.exe”。
受影响的参数是:
   assemblypath = D:\Projects\SVN\HHZX\SIOTS_HHZX\WinService.UserAccountFundSync\bin\Debug\WinService.UserAccountFundSync.exe
   logfile = D:\Projects\SVN\HHZX\SIOTS_HHZX\WinService.UserAccountFundSync\bin\Debug\WinService.UserAccountFundSync.log
正在安装服务 UserAccountFundSyncService...
已成功安装服务 UserAccountFundSyncService。
正在日志 Application 中创建 EventLog 源 UserAccountFundSyncService...
查看日志文件的内容以获得 D:\Projects\SVN\HHZX\SIOTS_HHZX\WinService.UserAccountFundSync\bin\Debug\WinService.UserAccountFundSync.exe 程序集的进度。
该文件位于 D:\Projects\SVN\HHZX\SIOTS_HHZX\WinService.UserAccountFundSync\bin\Debug\WinService.UserAccountFundSync.log。
正在提交程序集“D:\Projects\SVN\HHZX\SIOTS_HHZX\WinService.UserAccountFundSync\bin\Debug\WinService.UserAccountFundSync.exe”。
受影响的参数是:
   assemblypath = D:\Projects\SVN\HHZX\SIOTS_HHZX\WinService.UserAccountFundSync\bin\Debug\WinService.UserAccountFundSync.exe
   logfile = D:\Projects\SVN\HHZX\SIOTS_HHZX\WinService.UserAccountFundSync\bin\Debug\WinService.UserAccountFundSync.log
   logtoconsole = 
正在安装程序集“D:\SIOTS_HHZX\SIOTS_HHZX\WinService.UserAccountFundSync\bin\Debug\WinService.UserAccountFundSync.exe”。
受影响的参数是:
   assemblypath = D:\SIOTS_HHZX\SIOTS_HHZX\WinService.UserAccountFundSync\bin\Debug\WinService.UserAccountFundSync.exe
   logfile = D:\SIOTS_HHZX\SIOTS_HHZX\WinService.UserAccountFundSync\bin\Debug\WinService.UserAccountFundSync.log
正在安装服务 UserAccountFundSyncService...
已成功安装服务 UserAccountFundSyncService。
正在日志 Application 中创建 EventLog 源 UserAccountFundSyncService...
查看日志文件的内容以获得 D:\SIOTS_HHZX\SIOTS_HHZX\WinService.UserAccountFundSync\bin\Debug\WinService.UserAccountFundSync.exe 程序集的进度。
该文件位于 D:\SIOTS_HHZX\SIOTS_HHZX\WinService.UserAccountFundSync\bin\Debug\WinService.UserAccountFundSync.log。
正在提交程序集“D:\SIOTS_HHZX\SIOTS_HHZX\WinService.UserAccountFundSync\bin\Debug\WinService.UserAccountFundSync.exe”。
受影响的参数是:
   logtoconsole = 
   assemblypath = D:\SIOTS_HHZX\SIOTS_HHZX\WinService.UserAccountFundSync\bin\Debug\WinService.UserAccountFundSync.exe
   logfile = D:\SIOTS_HHZX\SIOTS_HHZX\WinService.UserAccountFundSync\bin\Debug\WinService.UserAccountFundSync.log
正在安装程序集“D:\SIOTS_HHZX\SIOTS_HHZX\WinService.UserAccountFundSync\bin\Debug\WinService.UserAccountFundSync.exe”。
受影响的参数是:
   assemblypath = D:\SIOTS_HHZX\SIOTS_HHZX\WinService.UserAccountFundSync\bin\Debug\WinService.UserAccountFundSync.exe
   logfile = D:\SIOTS_HHZX\SIOTS_HHZX\WinService.UserAccountFundSync\bin\Debug\WinService.UserAccountFundSync.log
正在安装服务 UserAccountFundSyncService...
已成功安装服务 UserAccountFundSyncService。
正在日志 Application 中创建 EventLog 源 UserAccountFundSyncService...
查看日志文件的内容以获得 D:\SIOTS_HHZX\SIOTS_HHZX\WinService.UserAccountFundSync\bin\Debug\WinService.UserAccountFundSync.exe 程序集的进度。
该文件位于 D:\SIOTS_HHZX\SIOTS_HHZX\WinService.UserAccountFundSync\bin\Debug\WinService.UserAccountFundSync.log。
正在提交程序集“D:\SIOTS_HHZX\SIOTS_HHZX\WinService.UserAccountFundSync\bin\Debug\WinService.UserAccountFundSync.exe”。
受影响的参数是:
   logtoconsole = 
   assemblypath = D:\SIOTS_HHZX\SIOTS_HHZX\WinService.UserAccountFundSync\bin\Debug\WinService.UserAccountFundSync.exe
   logfile = D:\SIOTS_HHZX\SIOTS_HHZX\WinService.UserAccountFundSync\bin\Debug\WinService.UserAccountFundSync.log
正在安装程序集“D:\SIOTS_HHZX\SIOTS_HHZX\WinService.UserAccountFundSync\bin\Debug\WinService.UserAccountFundSync.exe”。
受影响的参数是:
   assemblypath = D:\SIOTS_HHZX\SIOTS_HHZX\WinService.UserAccountFundSync\bin\Debug\WinService.UserAccountFundSync.exe
   logfile = D:\SIOTS_HHZX\SIOTS_HHZX\WinService.UserAccountFundSync\bin\Debug\WinService.UserAccountFundSync.log
正在安装服务 UserAccountFundSyncService...
已成功安装服务 UserAccountFundSyncService。
正在日志 Application 中创建 EventLog 源 UserAccountFundSyncService...
查看日志文件的内容以获得 D:\SIOTS_HHZX\SIOTS_HHZX\WinService.UserAccountFundSync\bin\Debug\WinService.UserAccountFundSync.exe 程序集的进度。
该文件位于 D:\SIOTS_HHZX\SIOTS_HHZX\WinService.UserAccountFundSync\bin\Debug\WinService.UserAccountFundSync.log。
正在提交程序集“D:\SIOTS_HHZX\SIOTS_HHZX\WinService.UserAccountFundSync\bin\Debug\WinService.UserAccountFundSync.exe”。
受影响的参数是:
   logtoconsole = 
   assemblypath = D:\SIOTS_HHZX\SIOTS_HHZX\WinService.UserAccountFundSync\bin\Debug\WinService.UserAccountFundSync.exe
   logfile = D:\SIOTS_HHZX\SIOTS_HHZX\WinService.UserAccountFundSync\bin\Debug\WinService.UserAccountFundSync.log
正在安装程序集“D:\SIOTS_HHZX\SIOTS_HHZX\WinService.UserAccountFundSync\bin\Debug\WinService.UserAccountFundSync.exe”。
受影响的参数是:
   assemblypath = D:\SIOTS_HHZX\SIOTS_HHZX\WinService.UserAccountFundSync\bin\Debug\WinService.UserAccountFundSync.exe
   logfile = D:\SIOTS_HHZX\SIOTS_HHZX\WinService.UserAccountFundSync\bin\Debug\WinService.UserAccountFundSync.log
正在安装服务 UserAccountFundSyncService...
已成功安装服务 UserAccountFundSyncService。
正在日志 Application 中创建 EventLog 源 UserAccountFundSyncService...
查看日志文件的内容以获得 D:\SIOTS_HHZX\SIOTS_HHZX\WinService.UserAccountFundSync\bin\Debug\WinService.UserAccountFundSync.exe 程序集的进度。
该文件位于 D:\SIOTS_HHZX\SIOTS_HHZX\WinService.UserAccountFundSync\bin\Debug\WinService.UserAccountFundSync.log。
正在提交程序集“D:\SIOTS_HHZX\SIOTS_HHZX\WinService.UserAccountFundSync\bin\Debug\WinService.UserAccountFundSync.exe”。
受影响的参数是:
   logtoconsole = 
   assemblypath = D:\SIOTS_HHZX\SIOTS_HHZX\WinService.UserAccountFundSync\bin\Debug\WinService.UserAccountFundSync.exe
   logfile = D:\SIOTS_HHZX\SIOTS_HHZX\WinService.UserAccountFundSync\bin\Debug\WinService.UserAccountFundSync.log
正在安装程序集“D:\SIOTS_HHZX\SIOTS_HHZX\WinService.UserAccountFundSync\bin\Debug\WinService.UserAccountFundSync.exe”。
受影响的参数是:
   assemblypath = D:\SIOTS_HHZX\SIOTS_HHZX\WinService.UserAccountFundSync\bin\Debug\WinService.UserAccountFundSync.exe
   logfile = D:\SIOTS_HHZX\SIOTS_HHZX\WinService.UserAccountFundSync\bin\Debug\WinService.UserAccountFundSync.log
正在安装服务 UserAccountFundSyncService...
已成功安装服务 UserAccountFundSyncService。
正在日志 Application 中创建 EventLog 源 UserAccountFundSyncService...
查看日志文件的内容以获得 D:\SIOTS_HHZX\SIOTS_HHZX\WinService.UserAccountFundSync\bin\Debug\WinService.UserAccountFundSync.exe 程序集的进度。
该文件位于 D:\SIOTS_HHZX\SIOTS_HHZX\WinService.UserAccountFundSync\bin\Debug\WinService.UserAccountFundSync.log。
正在提交程序集“D:\SIOTS_HHZX\SIOTS_HHZX\WinService.UserAccountFundSync\bin\Debug\WinService.UserAccountFundSync.exe”。
受影响的参数是:
   logtoconsole = 
   assemblypath = D:\SIOTS_HHZX\SIOTS_HHZX\WinService.UserAccountFundSync\bin\Debug\WinService.UserAccountFundSync.exe
   logfile = D:\SIOTS_HHZX\SIOTS_HHZX\WinService.UserAccountFundSync\bin\Debug\WinService.UserAccountFundSync.log
正在安装程序集“D:\SIOTS_HHZX\SIOTS_HHZX\WinService.UserAccountFundSync\bin\Debug\WinService.UserAccountFundSync.exe”。
受影响的参数是:
   assemblypath = D:\SIOTS_HHZX\SIOTS_HHZX\WinService.UserAccountFundSync\bin\Debug\WinService.UserAccountFundSync.exe
   logfile = D:\SIOTS_HHZX\SIOTS_HHZX\WinService.UserAccountFundSync\bin\Debug\WinService.UserAccountFundSync.log
正在安装服务 UserAccountFundSyncService...
已成功安装服务 UserAccountFundSyncService。
正在日志 Application 中创建 EventLog 源 UserAccountFundSyncService...
查看日志文件的内容以获得 D:\SIOTS_HHZX\SIOTS_HHZX\WinService.UserAccountFundSync\bin\Debug\WinService.UserAccountFundSync.exe 程序集的进度。
该文件位于 D:\SIOTS_HHZX\SIOTS_HHZX\WinService.UserAccountFundSync\bin\Debug\WinService.UserAccountFundSync.log。
正在提交程序集“D:\SIOTS_HHZX\SIOTS_HHZX\WinService.UserAccountFundSync\bin\Debug\WinService.UserAccountFundSync.exe”。
受影响的参数是:
   logtoconsole = 
   assemblypath = D:\SIOTS_HHZX\SIOTS_HHZX\WinService.UserAccountFundSync\bin\Debug\WinService.UserAccountFundSync.exe
   logfile = D:\SIOTS_HHZX\SIOTS_HHZX\WinService.UserAccountFundSync\bin\Debug\WinService.UserAccountFundSync.log
正在安装程序集“D:\SIOTS_HHZX\SIOTS_HHZX\WinService.UserAccountFundSync\bin\Debug\WinService.UserAccountFundSync.exe”。
受影响的参数是:
   assemblypath = D:\SIOTS_HHZX\SIOTS_HHZX\WinService.UserAccountFundSync\bin\Debug\WinService.UserAccountFundSync.exe
   logfile = D:\SIOTS_HHZX\SIOTS_HHZX\WinService.UserAccountFundSync\bin\Debug\WinService.UserAccountFundSync.log
正在安装服务 UserAccountFundSyncService...
已成功安装服务 UserAccountFundSyncService。
正在日志 Application 中创建 EventLog 源 UserAccountFundSyncService...
查看日志文件的内容以获得 D:\SIOTS_HHZX\SIOTS_HHZX\WinService.UserAccountFundSync\bin\Debug\WinService.UserAccountFundSync.exe 程序集的进度。
该文件位于 D:\SIOTS_HHZX\SIOTS_HHZX\WinService.UserAccountFundSync\bin\Debug\WinService.UserAccountFundSync.log。
正在提交程序集“D:\SIOTS_HHZX\SIOTS_HHZX\WinService.UserAccountFundSync\bin\Debug\WinService.UserAccountFundSync.exe”。
受影响的参数是:
   logtoconsole = 
   assemblypath = D:\SIOTS_HHZX\SIOTS_HHZX\WinService.UserAccountFundSync\bin\Debug\WinService.UserAccountFundSync.exe
   logfile = D:\SIOTS_HHZX\SIOTS_HHZX\WinService.UserAccountFundSync\bin\Debug\WinService.UserAccountFundSync.log
正在安装程序集“D:\SIOTS_HHZX\SIOTS_HHZX\WinService.UserAccountFundSync\bin\Debug\WinService.UserAccountFundSync.exe”。
受影响的参数是:
   assemblypath = D:\SIOTS_HHZX\SIOTS_HHZX\WinService.UserAccountFundSync\bin\Debug\WinService.UserAccountFundSync.exe
   logfile = D:\SIOTS_HHZX\SIOTS_HHZX\WinService.UserAccountFundSync\bin\Debug\WinService.UserAccountFundSync.log
正在安装服务 UserAccountFundSyncService...
已成功安装服务 UserAccountFundSyncService。
正在日志 Application 中创建 EventLog 源 UserAccountFundSyncService...
查看日志文件的内容以获得 D:\SIOTS_HHZX\SIOTS_HHZX\WinService.UserAccountFundSync\bin\Debug\WinService.UserAccountFundSync.exe 程序集的进度。
该文件位于 D:\SIOTS_HHZX\SIOTS_HHZX\WinService.UserAccountFundSync\bin\Debug\WinService.UserAccountFundSync.log。
正在提交程序集“D:\SIOTS_HHZX\SIOTS_HHZX\WinService.UserAccountFundSync\bin\Debug\WinService.UserAccountFundSync.exe”。
受影响的参数是:
   logtoconsole = 
   assemblypath = D:\SIOTS_HHZX\SIOTS_HHZX\WinService.UserAccountFundSync\bin\Debug\WinService.UserAccountFundSync.exe
   logfile = D:\SIOTS_HHZX\SIOTS_HHZX\WinService.UserAccountFundSync\bin\Debug\WinService.UserAccountFundSync.log
正在安装程序集“D:\SIOTS_HHZX\SIOTS_HHZX\WinService.UserAccountFundSync\bin\Debug\WinService.UserAccountFundSync.exe”。
受影响的参数是:
   assemblypath = D:\SIOTS_HHZX\SIOTS_HHZX\WinService.UserAccountFundSync\bin\Debug\WinService.UserAccountFundSync.exe
   logfile = D:\SIOTS_HHZX\SIOTS_HHZX\WinService.UserAccountFundSync\bin\Debug\WinService.UserAccountFundSync.log
正在安装服务 UserAccountFundSyncService...
已成功安装服务 UserAccountFundSyncService。
正在日志 Application 中创建 EventLog 源 UserAccountFundSyncService...
查看日志文件的内容以获得 D:\SIOTS_HHZX\SIOTS_HHZX\WinService.UserAccountFundSync\bin\Debug\WinService.UserAccountFundSync.exe 程序集的进度。
该文件位于 D:\SIOTS_HHZX\SIOTS_HHZX\WinService.UserAccountFundSync\bin\Debug\WinService.UserAccountFundSync.log。
正在提交程序集“D:\SIOTS_HHZX\SIOTS_HHZX\WinService.UserAccountFundSync\bin\Debug\WinService.UserAccountFundSync.exe”。
受影响的参数是:
   logtoconsole = 
   assemblypath = D:\SIOTS_HHZX\SIOTS_HHZX\WinService.UserAccountFundSync\bin\Debug\WinService.UserAccountFundSync.exe
   logfile = D:\SIOTS_HHZX\SIOTS_HHZX\WinService.UserAccountFundSync\bin\Debug\WinService.UserAccountFundSync.log
正在安装程序集“D:\SIOTS_HHZX\SIOTS_HHZX\WinService.UserAccountFundSync\bin\Debug\WinService.UserAccountFundSync.exe”。
受影响的参数是:
   assemblypath = D:\SIOTS_HHZX\SIOTS_HHZX\WinService.UserAccountFundSync\bin\Debug\WinService.UserAccountFundSync.exe
   logfile = D:\SIOTS_HHZX\SIOTS_HHZX\WinService.UserAccountFundSync\bin\Debug\WinService.UserAccountFundSync.log
正在安装服务 UserAccountFundSyncService...
已成功安装服务 UserAccountFundSyncService。
正在日志 Application 中创建 EventLog 源 UserAccountFundSyncService...
查看日志文件的内容以获得 D:\SIOTS_HHZX\SIOTS_HHZX\WinService.UserAccountFundSync\bin\Debug\WinService.UserAccountFundSync.exe 程序集的进度。
该文件位于 D:\SIOTS_HHZX\SIOTS_HHZX\WinService.UserAccountFundSync\bin\Debug\WinService.UserAccountFundSync.log。
正在提交程序集“D:\SIOTS_HHZX\SIOTS_HHZX\WinService.UserAccountFundSync\bin\Debug\WinService.UserAccountFundSync.exe”。
受影响的参数是:
   logtoconsole = 
   assemblypath = D:\SIOTS_HHZX\SIOTS_HHZX\WinService.UserAccountFundSync\bin\Debug\WinService.UserAccountFundSync.exe
   logfile = D:\SIOTS_HHZX\SIOTS_HHZX\WinService.UserAccountFundSync\bin\Debug\WinService.UserAccountFundSync.log
正在安装程序集“D:\SIOTS_HHZX\SIOTS_HHZX\WinService.UserAccountFundSync\bin\Debug\WinService.UserAccountFundSync.exe”。
受影响的参数是:
   assemblypath = D:\SIOTS_HHZX\SIOTS_HHZX\WinService.UserAccountFundSync\bin\Debug\WinService.UserAccountFundSync.exe
   logfile = D:\SIOTS_HHZX\SIOTS_HHZX\WinService.UserAccountFundSync\bin\Debug\WinService.UserAccountFundSync.log
正在安装服务 UserAccountFundSyncService...
已成功安装服务 UserAccountFundSyncService。
正在日志 Application 中创建 EventLog 源 UserAccountFundSyncService...
查看日志文件的内容以获得 D:\SIOTS_HHZX\SIOTS_HHZX\WinService.UserAccountFundSync\bin\Debug\WinService.UserAccountFundSync.exe 程序集的进度。
该文件位于 D:\SIOTS_HHZX\SIOTS_HHZX\WinService.UserAccountFundSync\bin\Debug\WinService.UserAccountFundSync.log。
正在提交程序集“D:\SIOTS_HHZX\SIOTS_HHZX\WinService.UserAccountFundSync\bin\Debug\WinService.UserAccountFundSync.exe”。
受影响的参数是:
   logtoconsole = 
   assemblypath = D:\SIOTS_HHZX\SIOTS_HHZX\WinService.UserAccountFundSync\bin\Debug\WinService.UserAccountFundSync.exe
   logfile = D:\SIOTS_HHZX\SIOTS_HHZX\WinService.UserAccountFundSync\bin\Debug\WinService.UserAccountFundSync.log
正在安装程序集“D:\SIOTS_HHZX\SIOTS_HHZX\WinService.UserAccountFundSync\bin\Debug\WinService.UserAccountFundSync.exe”。
受影响的参数是:
   assemblypath = D:\SIOTS_HHZX\SIOTS_HHZX\WinService.UserAccountFundSync\bin\Debug\WinService.UserAccountFundSync.exe
   logfile = D:\SIOTS_HHZX\SIOTS_HHZX\WinService.UserAccountFundSync\bin\Debug\WinService.UserAccountFundSync.log
正在安装服务 UserAccountFundSyncService...
已成功安装服务 UserAccountFundSyncService。
正在日志 Application 中创建 EventLog 源 UserAccountFundSyncService...
查看日志文件的内容以获得 D:\SIOTS_HHZX\SIOTS_HHZX\WinService.UserAccountFundSync\bin\Debug\WinService.UserAccountFundSync.exe 程序集的进度。
该文件位于 D:\SIOTS_HHZX\SIOTS_HHZX\WinService.UserAccountFundSync\bin\Debug\WinService.UserAccountFundSync.log。
正在提交程序集“D:\SIOTS_HHZX\SIOTS_HHZX\WinService.UserAccountFundSync\bin\Debug\WinService.UserAccountFundSync.exe”。
受影响的参数是:
   logtoconsole = 
   assemblypath = D:\SIOTS_HHZX\SIOTS_HHZX\WinService.UserAccountFundSync\bin\Debug\WinService.UserAccountFundSync.exe
   logfile = D:\SIOTS_HHZX\SIOTS_HHZX\WinService.UserAccountFundSync\bin\Debug\WinService.UserAccountFundSync.log
正在安装程序集“D:\SIOTS_HHZX\SIOTS_HHZX\WinService.UserAccountFundSync\bin\Debug\WinService.UserAccountFundSync.exe”。
受影响的参数是:
   assemblypath = D:\SIOTS_HHZX\SIOTS_HHZX\WinService.UserAccountFundSync\bin\Debug\WinService.UserAccountFundSync.exe
   logfile = D:\SIOTS_HHZX\SIOTS_HHZX\WinService.UserAccountFundSync\bin\Debug\WinService.UserAccountFundSync.log
正在安装服务 UserAccountFundSyncService...
已成功安装服务 UserAccountFundSyncService。
正在日志 Application 中创建 EventLog 源 UserAccountFundSyncService...
查看日志文件的内容以获得 D:\SIOTS_HHZX\SIOTS_HHZX\WinService.UserAccountFundSync\bin\Debug\WinService.UserAccountFundSync.exe 程序集的进度。
该文件位于 D:\SIOTS_HHZX\SIOTS_HHZX\WinService.UserAccountFundSync\bin\Debug\WinService.UserAccountFundSync.log。
正在提交程序集“D:\SIOTS_HHZX\SIOTS_HHZX\WinService.UserAccountFundSync\bin\Debug\WinService.UserAccountFundSync.exe”。
受影响的参数是:
   logtoconsole = 
   assemblypath = D:\SIOTS_HHZX\SIOTS_HHZX\WinService.UserAccountFundSync\bin\Debug\WinService.UserAccountFundSync.exe
   logfile = D:\SIOTS_HHZX\SIOTS_HHZX\WinService.UserAccountFundSync\bin\Debug\WinService.UserAccountFundSync.log
正在安装程序集“D:\SIOTS_HHZX\SIOTS_HHZX\WinService.UserAccountFundSync\bin\Debug\WinService.UserAccountFundSync.exe”。
受影响的参数是:
   assemblypath = D:\SIOTS_HHZX\SIOTS_HHZX\WinService.UserAccountFundSync\bin\Debug\WinService.UserAccountFundSync.exe
   logfile = D:\SIOTS_HHZX\SIOTS_HHZX\WinService.UserAccountFundSync\bin\Debug\WinService.UserAccountFundSync.log
正在安装服务 UserAccountFundSyncService...
已成功安装服务 UserAccountFundSyncService。
正在日志 Application 中创建 EventLog 源 UserAccountFundSyncService...
查看日志文件的内容以获得 D:\SIOTS_HHZX\SIOTS_HHZX\WinService.UserAccountFundSync\bin\Debug\WinService.UserAccountFundSync.exe 程序集的进度。
该文件位于 D:\SIOTS_HHZX\SIOTS_HHZX\WinService.UserAccountFundSync\bin\Debug\WinService.UserAccountFundSync.log。
正在提交程序集“D:\SIOTS_HHZX\SIOTS_HHZX\WinService.UserAccountFundSync\bin\Debug\WinService.UserAccountFundSync.exe”。
受影响的参数是:
   logtoconsole = 
   assemblypath = D:\SIOTS_HHZX\SIOTS_HHZX\WinService.UserAccountFundSync\bin\Debug\WinService.UserAccountFundSync.exe
   logfile = D:\SIOTS_HHZX\SIOTS_HHZX\WinService.UserAccountFundSync\bin\Debug\WinService.UserAccountFundSync.log
正在安装程序集“D:\SIOTS_HHZX\SIOTS_HHZX\WinService.UserAccountFundSync\bin\Debug\WinService.UserAccountFundSync.exe”。
受影响的参数是:
   assemblypath = D:\SIOTS_HHZX\SIOTS_HHZX\WinService.UserAccountFundSync\bin\Debug\WinService.UserAccountFundSync.exe
   logfile = D:\SIOTS_HHZX\SIOTS_HHZX\WinService.UserAccountFundSync\bin\Debug\WinService.UserAccountFundSync.log
正在安装服务 UserAccountFundSyncService...
已成功安装服务 UserAccountFundSyncService。
正在日志 Application 中创建 EventLog 源 UserAccountFundSyncService...
查看日志文件的内容以获得 D:\SIOTS_HHZX\SIOTS_HHZX\WinService.UserAccountFundSync\bin\Debug\WinService.UserAccountFundSync.exe 程序集的进度。
该文件位于 D:\SIOTS_HHZX\SIOTS_HHZX\WinService.UserAccountFundSync\bin\Debug\WinService.UserAccountFundSync.log。
正在提交程序集“D:\SIOTS_HHZX\SIOTS_HHZX\WinService.UserAccountFundSync\bin\Debug\WinService.UserAccountFundSync.exe”。
受影响的参数是:
   logtoconsole = 
   assemblypath = D:\SIOTS_HHZX\SIOTS_HHZX\WinService.UserAccountFundSync\bin\Debug\WinService.UserAccountFundSync.exe
   logfile = D:\SIOTS_HHZX\SIOTS_HHZX\WinService.UserAccountFundSync\bin\Debug\WinService.UserAccountFundSync.log
正在安装程序集“D:\SIOTS_HHZX\SIOTS_HHZX\WinService.UserAccountFundSync\bin\Debug\WinService.UserAccountFundSync.exe”。
受影响的参数是:
   assemblypath = D:\SIOTS_HHZX\SIOTS_HHZX\WinService.UserAccountFundSync\bin\Debug\WinService.UserAccountFundSync.exe
   logfile = D:\SIOTS_HHZX\SIOTS_HHZX\WinService.UserAccountFundSync\bin\Debug\WinService.UserAccountFundSync.log
正在安装服务 UserAccountFundSyncService...
已成功安装服务 UserAccountFundSyncService。
正在日志 Application 中创建 EventLog 源 UserAccountFundSyncService...
查看日志文件的内容以获得 D:\SIOTS_HHZX\SIOTS_HHZX\WinService.UserAccountFundSync\bin\Debug\WinService.UserAccountFundSync.exe 程序集的进度。
该文件位于 D:\SIOTS_HHZX\SIOTS_HHZX\WinService.UserAccountFundSync\bin\Debug\WinService.UserAccountFundSync.log。
正在提交程序集“D:\SIOTS_HHZX\SIOTS_HHZX\WinService.UserAccountFundSync\bin\Debug\WinService.UserAccountFundSync.exe”。
受影响的参数是:
   logtoconsole = 
   assemblypath = D:\SIOTS_HHZX\SIOTS_HHZX\WinService.UserAccountFundSync\bin\Debug\WinService.UserAccountFundSync.exe
   logfile = D:\SIOTS_HHZX\SIOTS_HHZX\WinService.UserAccountFundSync\bin\Debug\WinService.UserAccountFundSync.log
正在安装程序集“D:\SIOTS_HHZX\SIOTS_HHZX\WinService.UserAccountFundSync\bin\Debug\WinService.UserAccountFundSync.exe”。
受影响的参数是:
   assemblypath = D:\SIOTS_HHZX\SIOTS_HHZX\WinService.UserAccountFundSync\bin\Debug\WinService.UserAccountFundSync.exe
   logfile = D:\SIOTS_HHZX\SIOTS_HHZX\WinService.UserAccountFundSync\bin\Debug\WinService.UserAccountFundSync.log
正在安装服务 UserAccountFundSyncService...
已成功安装服务 UserAccountFundSyncService。
正在日志 Application 中创建 EventLog 源 UserAccountFundSyncService...
查看日志文件的内容以获得 D:\SIOTS_HHZX\SIOTS_HHZX\WinService.UserAccountFundSync\bin\Debug\WinService.UserAccountFundSync.exe 程序集的进度。
该文件位于 D:\SIOTS_HHZX\SIOTS_HHZX\WinService.UserAccountFundSync\bin\Debug\WinService.UserAccountFundSync.log。
正在提交程序集“D:\SIOTS_HHZX\SIOTS_HHZX\WinService.UserAccountFundSync\bin\Debug\WinService.UserAccountFundSync.exe”。
受影响的参数是:
   logtoconsole = 
   assemblypath = D:\SIOTS_HHZX\SIOTS_HHZX\WinService.UserAccountFundSync\bin\Debug\WinService.UserAccountFundSync.exe
   logfile = D:\SIOTS_HHZX\SIOTS_HHZX\WinService.UserAccountFundSync\bin\Debug\WinService.UserAccountFundSync.log
正在安装程序集“D:\SIOTS_HHZX\SIOTS_HHZX\WinService.UserAccountFundSync\bin\Debug\WinService.UserAccountFundSync.exe”。
受影响的参数是:
   assemblypath = D:\SIOTS_HHZX\SIOTS_HHZX\WinService.UserAccountFundSync\bin\Debug\WinService.UserAccountFundSync.exe
   logfile = D:\SIOTS_HHZX\SIOTS_HHZX\WinService.UserAccountFundSync\bin\Debug\WinService.UserAccountFundSync.log
正在安装服务 UserAccountFundSyncService...
已成功安装服务 UserAccountFundSyncService。
正在日志 Application 中创建 EventLog 源 UserAccountFundSyncService...
查看日志文件的内容以获得 D:\SIOTS_HHZX\SIOTS_HHZX\WinService.UserAccountFundSync\bin\Debug\WinService.UserAccountFundSync.exe 程序集的进度。
该文件位于 D:\SIOTS_HHZX\SIOTS_HHZX\WinService.UserAccountFundSync\bin\Debug\WinService.UserAccountFundSync.log。
正在提交程序集“D:\SIOTS_HHZX\SIOTS_HHZX\WinService.UserAccountFundSync\bin\Debug\WinService.UserAccountFundSync.exe”。
受影响的参数是:
   logtoconsole = 
   assemblypath = D:\SIOTS_HHZX\SIOTS_HHZX\WinService.UserAccountFundSync\bin\Debug\WinService.UserAccountFundSync.exe
   logfile = D:\SIOTS_HHZX\SIOTS_HHZX\WinService.UserAccountFundSync\bin\Debug\WinService.UserAccountFundSync.log
正在安装程序集“D:\SIOTS_HHZX\SIOTS_HHZX\WinService.UserAccountFundSync\bin\Debug\WinService.UserAccountFundSync.exe”。
受影响的参数是:
   assemblypath = D:\SIOTS_HHZX\SIOTS_HHZX\WinService.UserAccountFundSync\bin\Debug\WinService.UserAccountFundSync.exe
   logfile = D:\SIOTS_HHZX\SIOTS_HHZX\WinService.UserAccountFundSync\bin\Debug\WinService.UserAccountFundSync.log
正在安装服务 UserAccountFundSyncService...
已成功安装服务 UserAccountFundSyncService。
正在日志 Application 中创建 EventLog 源 UserAccountFundSyncService...
查看日志文件的内容以获得 D:\SIOTS_HHZX\SIOTS_HHZX\WinService.UserAccountFundSync\bin\Debug\WinService.UserAccountFundSync.exe 程序集的进度。
该文件位于 D:\SIOTS_HHZX\SIOTS_HHZX\WinService.UserAccountFundSync\bin\Debug\WinService.UserAccountFundSync.log。
正在提交程序集“D:\SIOTS_HHZX\SIOTS_HHZX\WinService.UserAccountFundSync\bin\Debug\WinService.UserAccountFundSync.exe”。
受影响的参数是:
   logtoconsole = 
   assemblypath = D:\SIOTS_HHZX\SIOTS_HHZX\WinService.UserAccountFundSync\bin\Debug\WinService.UserAccountFundSync.exe
   logfile = D:\SIOTS_HHZX\SIOTS_HHZX\WinService.UserAccountFundSync\bin\Debug\WinService.UserAccountFundSync.log
正在安装程序集“D:\SIOTS_HHZX\SIOTS_HHZX\WinService.UserAccountFundSync\bin\Debug\WinService.UserAccountFundSync.exe”。
受影响的参数是:
   assemblypath = D:\SIOTS_HHZX\SIOTS_HHZX\WinService.UserAccountFundSync\bin\Debug\WinService.UserAccountFundSync.exe
   logfile = D:\SIOTS_HHZX\SIOTS_HHZX\WinService.UserAccountFundSync\bin\Debug\WinService.UserAccountFundSync.log
正在安装服务 UserAccountFundSyncService...
已成功安装服务 UserAccountFundSyncService。
正在日志 Application 中创建 EventLog 源 UserAccountFundSyncService...
查看日志文件的内容以获得 D:\SIOTS_HHZX\SIOTS_HHZX\WinService.UserAccountFundSync\bin\Debug\WinService.UserAccountFundSync.exe 程序集的进度。
该文件位于 D:\SIOTS_HHZX\SIOTS_HHZX\WinService.UserAccountFundSync\bin\Debug\WinService.UserAccountFundSync.log。
正在提交程序集“D:\SIOTS_HHZX\SIOTS_HHZX\WinService.UserAccountFundSync\bin\Debug\WinService.UserAccountFundSync.exe”。
受影响的参数是:
   logtoconsole = 
   assemblypath = D:\SIOTS_HHZX\SIOTS_HHZX\WinService.UserAccountFundSync\bin\Debug\WinService.UserAccountFundSync.exe
   logfile = D:\SIOTS_HHZX\SIOTS_HHZX\WinService.UserAccountFundSync\bin\Debug\WinService.UserAccountFundSync.log
正在安装程序集“D:\SVN-Proj\SIOTS\trunk\SchoolInternetOfThings\SIOTS_HHZX\WinService.UserAccountFundSync\bin\Debug\WinService.UserAccountFundSync.exe”。
受影响的参数是:
   assemblypath = D:\SVN-Proj\SIOTS\trunk\SchoolInternetOfThings\SIOTS_HHZX\WinService.UserAccountFundSync\bin\Debug\WinService.UserAccountFundSync.exe
   logfile = D:\SVN-Proj\SIOTS\trunk\SchoolInternetOfThings\SIOTS_HHZX\WinService.UserAccountFundSync\bin\Debug\WinService.UserAccountFundSync.log
正在安装服务 UserAccountFundSyncService...
正在日志 Application 中创建 EventLog 源 UserAccountFundSyncService...
正在安装程序集“D:\SVN-Proj\SIOTS\trunk\SchoolInternetOfThings\SIOTS_HHZX\WinService.UserAccountFundSync\bin\Debug\WinService.UserAccountFundSync.exe”。
受影响的参数是:
   assemblypath = D:\SVN-Proj\SIOTS\trunk\SchoolInternetOfThings\SIOTS_HHZX\WinService.UserAccountFundSync\bin\Debug\WinService.UserAccountFundSync.exe
   logfile = D:\SVN-Proj\SIOTS\trunk\SchoolInternetOfThings\SIOTS_HHZX\WinService.UserAccountFundSync\bin\Debug\WinService.UserAccountFundSync.log
正在安装服务 UserAccountFundSyncService...
已成功安装服务 UserAccountFundSyncService。
正在日志 Application 中创建 EventLog 源 UserAccountFundSyncService...
查看日志文件的内容以获得 D:\SVN-Proj\SIOTS\trunk\SchoolInternetOfThings\SIOTS_HHZX\WinService.UserAccountFundSync\bin\Debug\WinService.UserAccountFundSync.exe 程序集的进度。
该文件位于 D:\SVN-Proj\SIOTS\trunk\SchoolInternetOfThings\SIOTS_HHZX\WinService.UserAccountFundSync\bin\Debug\WinService.UserAccountFundSync.log。
正在提交程序集“D:\SVN-Proj\SIOTS\trunk\SchoolInternetOfThings\SIOTS_HHZX\WinService.UserAccountFundSync\bin\Debug\WinService.UserAccountFundSync.exe”。
受影响的参数是:
   logtoconsole = 
   assemblypath = D:\SVN-Proj\SIOTS\trunk\SchoolInternetOfThings\SIOTS_HHZX\WinService.UserAccountFundSync\bin\Debug\WinService.UserAccountFundSync.exe
   logfile = D:\SVN-Proj\SIOTS\trunk\SchoolInternetOfThings\SIOTS_HHZX\WinService.UserAccountFundSync\bin\Debug\WinService.UserAccountFundSync.log
正在安装程序集“D:\SVN-Proj\SIOTS\trunk\SchoolInternetOfThings\SIOTS_HHZX\WinService.UserAccountFundSync\bin\Debug\WinService.UserAccountFundSync.exe”。
受影响的参数是:
   assemblypath = D:\SVN-Proj\SIOTS\trunk\SchoolInternetOfThings\SIOTS_HHZX\WinService.UserAccountFundSync\bin\Debug\WinService.UserAccountFundSync.exe
   logfile = D:\SVN-Proj\SIOTS\trunk\SchoolInternetOfThings\SIOTS_HHZX\WinService.UserAccountFundSync\bin\Debug\WinService.UserAccountFundSync.log
正在安装服务 UserAccountFundSyncService...
已成功安装服务 UserAccountFundSyncService。
正在日志 Application 中创建 EventLog 源 UserAccountFundSyncService...
查看日志文件的内容以获得 D:\SVN-Proj\SIOTS\trunk\SchoolInternetOfThings\SIOTS_HHZX\WinService.UserAccountFundSync\bin\Debug\WinService.UserAccountFundSync.exe 程序集的进度。
该文件位于 D:\SVN-Proj\SIOTS\trunk\SchoolInternetOfThings\SIOTS_HHZX\WinService.UserAccountFundSync\bin\Debug\WinService.UserAccountFundSync.log。
正在提交程序集“D:\SVN-Proj\SIOTS\trunk\SchoolInternetOfThings\SIOTS_HHZX\WinService.UserAccountFundSync\bin\Debug\WinService.UserAccountFundSync.exe”。
受影响的参数是:
   logtoconsole = 
   assemblypath = D:\SVN-Proj\SIOTS\trunk\SchoolInternetOfThings\SIOTS_HHZX\WinService.UserAccountFundSync\bin\Debug\WinService.UserAccountFundSync.exe
   logfile = D:\SVN-Proj\SIOTS\trunk\SchoolInternetOfThings\SIOTS_HHZX\WinService.UserAccountFundSync\bin\Debug\WinService.UserAccountFundSync.log
正在安装程序集“D:\SVN-Proj\SIOTS\trunk\SchoolInternetOfThings\SIOTS_HHZX\WinService.UserAccountFundSync\bin\Debug\WinService.UserAccountFundSync.exe”。
受影响的参数是:
   assemblypath = D:\SVN-Proj\SIOTS\trunk\SchoolInternetOfThings\SIOTS_HHZX\WinService.UserAccountFundSync\bin\Debug\WinService.UserAccountFundSync.exe
   logfile = D:\SVN-Proj\SIOTS\trunk\SchoolInternetOfThings\SIOTS_HHZX\WinService.UserAccountFundSync\bin\Debug\WinService.UserAccountFundSync.log
正在安装服务 UserAccountFundSyncService...
已成功安装服务 UserAccountFundSyncService。
正在日志 Application 中创建 EventLog 源 UserAccountFundSyncService...
查看日志文件的内容以获得 D:\SVN-Proj\SIOTS\trunk\SchoolInternetOfThings\SIOTS_HHZX\WinService.UserAccountFundSync\bin\Debug\WinService.UserAccountFundSync.exe 程序集的进度。
该文件位于 D:\SVN-Proj\SIOTS\trunk\SchoolInternetOfThings\SIOTS_HHZX\WinService.UserAccountFundSync\bin\Debug\WinService.UserAccountFundSync.log。
正在提交程序集“D:\SVN-Proj\SIOTS\trunk\SchoolInternetOfThings\SIOTS_HHZX\WinService.UserAccountFundSync\bin\Debug\WinService.UserAccountFundSync.exe”。
受影响的参数是:
   logtoconsole = 
   assemblypath = D:\SVN-Proj\SIOTS\trunk\SchoolInternetOfThings\SIOTS_HHZX\WinService.UserAccountFundSync\bin\Debug\WinService.UserAccountFundSync.exe
   logfile = D:\SVN-Proj\SIOTS\trunk\SchoolInternetOfThings\SIOTS_HHZX\WinService.UserAccountFundSync\bin\Debug\WinService.UserAccountFundSync.log
正在安装程序集“D:\SVN-Proj\SIOTS\trunk\SchoolInternetOfThings\SIOTS_HHZX\WinService.UserAccountFundSync\bin\Debug\WinService.UserAccountFundSync.exe”。
受影响的参数是:
   assemblypath = D:\SVN-Proj\SIOTS\trunk\SchoolInternetOfThings\SIOTS_HHZX\WinService.UserAccountFundSync\bin\Debug\WinService.UserAccountFundSync.exe
   logfile = D:\SVN-Proj\SIOTS\trunk\SchoolInternetOfThings\SIOTS_HHZX\WinService.UserAccountFundSync\bin\Debug\WinService.UserAccountFundSync.log
正在安装服务 UserAccountFundSyncService...
已成功安装服务 UserAccountFundSyncService。
正在日志 Application 中创建 EventLog 源 UserAccountFundSyncService...
查看日志文件的内容以获得 D:\SVN-Proj\SIOTS\trunk\SchoolInternetOfThings\SIOTS_HHZX\WinService.UserAccountFundSync\bin\Debug\WinService.UserAccountFundSync.exe 程序集的进度。
该文件位于 D:\SVN-Proj\SIOTS\trunk\SchoolInternetOfThings\SIOTS_HHZX\WinService.UserAccountFundSync\bin\Debug\WinService.UserAccountFundSync.log。
正在提交程序集“D:\SVN-Proj\SIOTS\trunk\SchoolInternetOfThings\SIOTS_HHZX\WinService.UserAccountFundSync\bin\Debug\WinService.UserAccountFundSync.exe”。
受影响的参数是:
   logtoconsole = 
   assemblypath = D:\SVN-Proj\SIOTS\trunk\SchoolInternetOfThings\SIOTS_HHZX\WinService.UserAccountFundSync\bin\Debug\WinService.UserAccountFundSync.exe
   logfile = D:\SVN-Proj\SIOTS\trunk\SchoolInternetOfThings\SIOTS_HHZX\WinService.UserAccountFundSync\bin\Debug\WinService.UserAccountFundSync.log
正在安装程序集“D:\SVN-Proj\SIOTS\trunk\SchoolInternetOfThings\SIOTS_HHZX\WinService.UserAccountFundSync\bin\Debug\WinService.UserAccountFundSync.exe”。
受影响的参数是:
   assemblypath = D:\SVN-Proj\SIOTS\trunk\SchoolInternetOfThings\SIOTS_HHZX\WinService.UserAccountFundSync\bin\Debug\WinService.UserAccountFundSync.exe
   logfile = D:\SVN-Proj\SIOTS\trunk\SchoolInternetOfThings\SIOTS_HHZX\WinService.UserAccountFundSync\bin\Debug\WinService.UserAccountFundSync.log
正在安装服务 UserAccountFundSyncService...
已成功安装服务 UserAccountFundSyncService。
正在日志 Application 中创建 EventLog 源 UserAccountFundSyncService...
查看日志文件的内容以获得 D:\SVN-Proj\SIOTS\trunk\SchoolInternetOfThings\SIOTS_HHZX\WinService.UserAccountFundSync\bin\Debug\WinService.UserAccountFundSync.exe 程序集的进度。
该文件位于 D:\SVN-Proj\SIOTS\trunk\SchoolInternetOfThings\SIOTS_HHZX\WinService.UserAccountFundSync\bin\Debug\WinService.UserAccountFundSync.log。
正在提交程序集“D:\SVN-Proj\SIOTS\trunk\SchoolInternetOfThings\SIOTS_HHZX\WinService.UserAccountFundSync\bin\Debug\WinService.UserAccountFundSync.exe”。
受影响的参数是:
   logtoconsole = 
   assemblypath = D:\SVN-Proj\SIOTS\trunk\SchoolInternetOfThings\SIOTS_HHZX\WinService.UserAccountFundSync\bin\Debug\WinService.UserAccountFundSync.exe
   logfile = D:\SVN-Proj\SIOTS\trunk\SchoolInternetOfThings\SIOTS_HHZX\WinService.UserAccountFundSync\bin\Debug\WinService.UserAccountFundSync.log
正在安装程序集“D:\SVN-Proj\SIOTS\trunk\SchoolInternetOfThings\SIOTS_HHZX\WinService.UserAccountFundSync\bin\Debug\WinService.UserAccountFundSync.exe”。
受影响的参数是:
   assemblypath = D:\SVN-Proj\SIOTS\trunk\SchoolInternetOfThings\SIOTS_HHZX\WinService.UserAccountFundSync\bin\Debug\WinService.UserAccountFundSync.exe
   logfile = D:\SVN-Proj\SIOTS\trunk\SchoolInternetOfThings\SIOTS_HHZX\WinService.UserAccountFundSync\bin\Debug\WinService.UserAccountFundSync.log
正在安装服务 UserAccountFundSyncService...
已成功安装服务 UserAccountFundSyncService。
正在日志 Application 中创建 EventLog 源 UserAccountFundSyncService...
查看日志文件的内容以获得 D:\SVN-Proj\SIOTS\trunk\SchoolInternetOfThings\SIOTS_HHZX\WinService.UserAccountFundSync\bin\Debug\WinService.UserAccountFundSync.exe 程序集的进度。
该文件位于 D:\SVN-Proj\SIOTS\trunk\SchoolInternetOfThings\SIOTS_HHZX\WinService.UserAccountFundSync\bin\Debug\WinService.UserAccountFundSync.log。
正在提交程序集“D:\SVN-Proj\SIOTS\trunk\SchoolInternetOfThings\SIOTS_HHZX\WinService.UserAccountFundSync\bin\Debug\WinService.UserAccountFundSync.exe”。
受影响的参数是:
   logtoconsole = 
   assemblypath = D:\SVN-Proj\SIOTS\trunk\SchoolInternetOfThings\SIOTS_HHZX\WinService.UserAccountFundSync\bin\Debug\WinService.UserAccountFundSync.exe
   logfile = D:\SVN-Proj\SIOTS\trunk\SchoolInternetOfThings\SIOTS_HHZX\WinService.UserAccountFundSync\bin\Debug\WinService.UserAccountFundSync.log
正在安装程序集“D:\SVN-Proj\SIOTS\trunk\SchoolInternetOfThings\SIOTS_HHZX\WinService.UserAccountFundSync\bin\Debug\WinService.UserAccountFundSync.exe”。
受影响的参数是:
   assemblypath = D:\SVN-Proj\SIOTS\trunk\SchoolInternetOfThings\SIOTS_HHZX\WinService.UserAccountFundSync\bin\Debug\WinService.UserAccountFundSync.exe
   logfile = D:\SVN-Proj\SIOTS\trunk\SchoolInternetOfThings\SIOTS_HHZX\WinService.UserAccountFundSync\bin\Debug\WinService.UserAccountFundSync.log
正在安装服务 UserAccountFundSyncService...
已成功安装服务 UserAccountFundSyncService。
正在日志 Application 中创建 EventLog 源 UserAccountFundSyncService...
查看日志文件的内容以获得 D:\SVN-Proj\SIOTS\trunk\SchoolInternetOfThings\SIOTS_HHZX\WinService.UserAccountFundSync\bin\Debug\WinService.UserAccountFundSync.exe 程序集的进度。
该文件位于 D:\SVN-Proj\SIOTS\trunk\SchoolInternetOfThings\SIOTS_HHZX\WinService.UserAccountFundSync\bin\Debug\WinService.UserAccountFundSync.log。
正在提交程序集“D:\SVN-Proj\SIOTS\trunk\SchoolInternetOfThings\SIOTS_HHZX\WinService.UserAccountFundSync\bin\Debug\WinService.UserAccountFundSync.exe”。
受影响的参数是:
   logtoconsole = 
   assemblypath = D:\SVN-Proj\SIOTS\trunk\SchoolInternetOfThings\SIOTS_HHZX\WinService.UserAccountFundSync\bin\Debug\WinService.UserAccountFundSync.exe
   logfile = D:\SVN-Proj\SIOTS\trunk\SchoolInternetOfThings\SIOTS_HHZX\WinService.UserAccountFundSync\bin\Debug\WinService.UserAccountFundSync.log
正在安装程序集“D:\SVN-Proj\SIOTS\trunk\SchoolInternetOfThings\SIOTS_HHZX\WinService.UserAccountFundSync\bin\Debug\WinService.UserAccountFundSync.exe”。
受影响的参数是:
   assemblypath = D:\SVN-Proj\SIOTS\trunk\SchoolInternetOfThings\SIOTS_HHZX\WinService.UserAccountFundSync\bin\Debug\WinService.UserAccountFundSync.exe
   logfile = D:\SVN-Proj\SIOTS\trunk\SchoolInternetOfThings\SIOTS_HHZX\WinService.UserAccountFundSync\bin\Debug\WinService.UserAccountFundSync.log
正在安装服务 UserAccountFundSyncService...
已成功安装服务 UserAccountFundSyncService。
正在日志 Application 中创建 EventLog 源 UserAccountFundSyncService...
查看日志文件的内容以获得 D:\SVN-Proj\SIOTS\trunk\SchoolInternetOfThings\SIOTS_HHZX\WinService.UserAccountFundSync\bin\Debug\WinService.UserAccountFundSync.exe 程序集的进度。
该文件位于 D:\SVN-Proj\SIOTS\trunk\SchoolInternetOfThings\SIOTS_HHZX\WinService.UserAccountFundSync\bin\Debug\WinService.UserAccountFundSync.log。
正在提交程序集“D:\SVN-Proj\SIOTS\trunk\SchoolInternetOfThings\SIOTS_HHZX\WinService.UserAccountFundSync\bin\Debug\WinService.UserAccountFundSync.exe”。
受影响的参数是:
   logtoconsole = 
   assemblypath = D:\SVN-Proj\SIOTS\trunk\SchoolInternetOfThings\SIOTS_HHZX\WinService.UserAccountFundSync\bin\Debug\WinService.UserAccountFundSync.exe
   logfile = D:\SVN-Proj\SIOTS\trunk\SchoolInternetOfThings\SIOTS_HHZX\WinService.UserAccountFundSync\bin\Debug\WinService.UserAccountFundSync.log
正在安装程序集“D:\SVN-Proj\SIOTS\trunk\SchoolInternetOfThings\SIOTS_HHZX\WinService.UserAccountFundSync\bin\Debug\WinService.UserAccountFundSync.exe”。
受影响的参数是:
   assemblypath = D:\SVN-Proj\SIOTS\trunk\SchoolInternetOfThings\SIOTS_HHZX\WinService.UserAccountFundSync\bin\Debug\WinService.UserAccountFundSync.exe
   logfile = D:\SVN-Proj\SIOTS\trunk\SchoolInternetOfThings\SIOTS_HHZX\WinService.UserAccountFundSync\bin\Debug\WinService.UserAccountFundSync.log
正在安装服务 UserAccountFundSyncService...
已成功安装服务 UserAccountFundSyncService。
正在日志 Application 中创建 EventLog 源 UserAccountFundSyncService...
查看日志文件的内容以获得 D:\SVN-Proj\SIOTS\trunk\SchoolInternetOfThings\SIOTS_HHZX\WinService.UserAccountFundSync\bin\Debug\WinService.UserAccountFundSync.exe 程序集的进度。
该文件位于 D:\SVN-Proj\SIOTS\trunk\SchoolInternetOfThings\SIOTS_HHZX\WinService.UserAccountFundSync\bin\Debug\WinService.UserAccountFundSync.log。
正在提交程序集“D:\SVN-Proj\SIOTS\trunk\SchoolInternetOfThings\SIOTS_HHZX\WinService.UserAccountFundSync\bin\Debug\WinService.UserAccountFundSync.exe”。
受影响的参数是:
   logtoconsole = 
   assemblypath = D:\SVN-Proj\SIOTS\trunk\SchoolInternetOfThings\SIOTS_HHZX\WinService.UserAccountFundSync\bin\Debug\WinService.UserAccountFundSync.exe
   logfile = D:\SVN-Proj\SIOTS\trunk\SchoolInternetOfThings\SIOTS_HHZX\WinService.UserAccountFundSync\bin\Debug\WinService.UserAccountFundSync.log
正在安装程序集“D:\SVN-Proj\SIOTS\trunk\SchoolInternetOfThings\SIOTS_HHZX\WinService.UserAccountFundSync\bin\Debug\WinService.UserAccountFundSync.exe”。
受影响的参数是:
   assemblypath = D:\SVN-Proj\SIOTS\trunk\SchoolInternetOfThings\SIOTS_HHZX\WinService.UserAccountFundSync\bin\Debug\WinService.UserAccountFundSync.exe
   logfile = D:\SVN-Proj\SIOTS\trunk\SchoolInternetOfThings\SIOTS_HHZX\WinService.UserAccountFundSync\bin\Debug\WinService.UserAccountFundSync.log
正在安装服务 UserAccountFundSyncService...
已成功安装服务 UserAccountFundSyncService。
正在日志 Application 中创建 EventLog 源 UserAccountFundSyncService...
查看日志文件的内容以获得 D:\SVN-Proj\SIOTS\trunk\SchoolInternetOfThings\SIOTS_HHZX\WinService.UserAccountFundSync\bin\Debug\WinService.UserAccountFundSync.exe 程序集的进度。
该文件位于 D:\SVN-Proj\SIOTS\trunk\SchoolInternetOfThings\SIOTS_HHZX\WinService.UserAccountFundSync\bin\Debug\WinService.UserAccountFundSync.log。
正在提交程序集“D:\SVN-Proj\SIOTS\trunk\SchoolInternetOfThings\SIOTS_HHZX\WinService.UserAccountFundSync\bin\Debug\WinService.UserAccountFundSync.exe”。
受影响的参数是:
   logtoconsole = 
   assemblypath = D:\SVN-Proj\SIOTS\trunk\SchoolInternetOfThings\SIOTS_HHZX\WinService.UserAccountFundSync\bin\Debug\WinService.UserAccountFundSync.exe
   logfile = D:\SVN-Proj\SIOTS\trunk\SchoolInternetOfThings\SIOTS_HHZX\WinService.UserAccountFundSync\bin\Debug\WinService.UserAccountFundSync.log
正在安装程序集“D:\SVN-Proj\SIOTS\trunk\SchoolInternetOfThings\SIOTS_HHZX\WinService.UserAccountFundSync\bin\Debug\WinService.UserAccountFundSync.exe”。
受影响的参数是:
   assemblypath = D:\SVN-Proj\SIOTS\trunk\SchoolInternetOfThings\SIOTS_HHZX\WinService.UserAccountFundSync\bin\Debug\WinService.UserAccountFundSync.exe
   logfile = D:\SVN-Proj\SIOTS\trunk\SchoolInternetOfThings\SIOTS_HHZX\WinService.UserAccountFundSync\bin\Debug\WinService.UserAccountFundSync.log
正在安装服务 UserAccountFundSyncService...
已成功安装服务 UserAccountFundSyncService。
正在日志 Application 中创建 EventLog 源 UserAccountFundSyncService...
查看日志文件的内容以获得 D:\SVN-Proj\SIOTS\trunk\SchoolInternetOfThings\SIOTS_HHZX\WinService.UserAccountFundSync\bin\Debug\WinService.UserAccountFundSync.exe 程序集的进度。
该文件位于 D:\SVN-Proj\SIOTS\trunk\SchoolInternetOfThings\SIOTS_HHZX\WinService.UserAccountFundSync\bin\Debug\WinService.UserAccountFundSync.log。
正在提交程序集“D:\SVN-Proj\SIOTS\trunk\SchoolInternetOfThings\SIOTS_HHZX\WinService.UserAccountFundSync\bin\Debug\WinService.UserAccountFundSync.exe”。
受影响的参数是:
   logtoconsole = 
   assemblypath = D:\SVN-Proj\SIOTS\trunk\SchoolInternetOfThings\SIOTS_HHZX\WinService.UserAccountFundSync\bin\Debug\WinService.UserAccountFundSync.exe
   logfile = D:\SVN-Proj\SIOTS\trunk\SchoolInternetOfThings\SIOTS_HHZX\WinService.UserAccountFundSync\bin\Debug\WinService.UserAccountFundSync.log
正在安装程序集“D:\SVN-Proj\SIOTS\trunk\SchoolInternetOfThings\SIOTS_HHZX\WinService.UserAccountFundSync\bin\Debug\WinService.UserAccountFundSync.exe”。
受影响的参数是:
   assemblypath = D:\SVN-Proj\SIOTS\trunk\SchoolInternetOfThings\SIOTS_HHZX\WinService.UserAccountFundSync\bin\Debug\WinService.UserAccountFundSync.exe
   logfile = D:\SVN-Proj\SIOTS\trunk\SchoolInternetOfThings\SIOTS_HHZX\WinService.UserAccountFundSync\bin\Debug\WinService.UserAccountFundSync.log
正在安装服务 UserAccountFundSyncService...
已成功安装服务 UserAccountFundSyncService。
正在日志 Application 中创建 EventLog 源 UserAccountFundSyncService...
查看日志文件的内容以获得 D:\SVN-Proj\SIOTS\trunk\SchoolInternetOfThings\SIOTS_HHZX\WinService.UserAccountFundSync\bin\Debug\WinService.UserAccountFundSync.exe 程序集的进度。
该文件位于 D:\SVN-Proj\SIOTS\trunk\SchoolInternetOfThings\SIOTS_HHZX\WinService.UserAccountFundSync\bin\Debug\WinService.UserAccountFundSync.log。
正在提交程序集“D:\SVN-Proj\SIOTS\trunk\SchoolInternetOfThings\SIOTS_HHZX\WinService.UserAccountFundSync\bin\Debug\WinService.UserAccountFundSync.exe”。
受影响的参数是:
   logtoconsole = 
   assemblypath = D:\SVN-Proj\SIOTS\trunk\SchoolInternetOfThings\SIOTS_HHZX\WinService.UserAccountFundSync\bin\Debug\WinService.UserAccountFundSync.exe
   logfile = D:\SVN-Proj\SIOTS\trunk\SchoolInternetOfThings\SIOTS_HHZX\WinService.UserAccountFundSync\bin\Debug\WinService.UserAccountFundSync.log
正在安装程序集“D:\SVN-Proj\SIOTS\trunk\SchoolInternetOfThings\SIOTS_HHZX\WinService.UserAccountFundSync\bin\Debug\WinService.UserAccountFundSync.exe”。
受影响的参数是:
   assemblypath = D:\SVN-Proj\SIOTS\trunk\SchoolInternetOfThings\SIOTS_HHZX\WinService.UserAccountFundSync\bin\Debug\WinService.UserAccountFundSync.exe
   logfile = D:\SVN-Proj\SIOTS\trunk\SchoolInternetOfThings\SIOTS_HHZX\WinService.UserAccountFundSync\bin\Debug\WinService.UserAccountFundSync.log
正在安装服务 UserAccountFundSyncService...
已成功安装服务 UserAccountFundSyncService。
正在日志 Application 中创建 EventLog 源 UserAccountFundSyncService...
查看日志文件的内容以获得 D:\SVN-Proj\SIOTS\trunk\SchoolInternetOfThings\SIOTS_HHZX\WinService.UserAccountFundSync\bin\Debug\WinService.UserAccountFundSync.exe 程序集的进度。
该文件位于 D:\SVN-Proj\SIOTS\trunk\SchoolInternetOfThings\SIOTS_HHZX\WinService.UserAccountFundSync\bin\Debug\WinService.UserAccountFundSync.log。
正在提交程序集“D:\SVN-Proj\SIOTS\trunk\SchoolInternetOfThings\SIOTS_HHZX\WinService.UserAccountFundSync\bin\Debug\WinService.UserAccountFundSync.exe”。
受影响的参数是:
   logtoconsole = 
   assemblypath = D:\SVN-Proj\SIOTS\trunk\SchoolInternetOfThings\SIOTS_HHZX\WinService.UserAccountFundSync\bin\Debug\WinService.UserAccountFundSync.exe
   logfile = D:\SVN-Proj\SIOTS\trunk\SchoolInternetOfThings\SIOTS_HHZX\WinService.UserAccountFundSync\bin\Debug\WinService.UserAccountFundSync.log
正在安装程序集“D:\SVN-Proj\SIOTS\trunk\SchoolInternetOfThings\SIOTS_HHZX\WinService.UserAccountFundSync\bin\Debug\WinService.UserAccountFundSync.exe”。
受影响的参数是:
   assemblypath = D:\SVN-Proj\SIOTS\trunk\SchoolInternetOfThings\SIOTS_HHZX\WinService.UserAccountFundSync\bin\Debug\WinService.UserAccountFundSync.exe
   logfile = D:\SVN-Proj\SIOTS\trunk\SchoolInternetOfThings\SIOTS_HHZX\WinService.UserAccountFundSync\bin\Debug\WinService.UserAccountFundSync.log
正在安装服务 UserAccountFundSyncService...
已成功安装服务 UserAccountFundSyncService。
正在日志 Application 中创建 EventLog 源 UserAccountFundSyncService...
查看日志文件的内容以获得 D:\SVN-Proj\SIOTS\trunk\SchoolInternetOfThings\SIOTS_HHZX\WinService.UserAccountFundSync\bin\Debug\WinService.UserAccountFundSync.exe 程序集的进度。
该文件位于 D:\SVN-Proj\SIOTS\trunk\SchoolInternetOfThings\SIOTS_HHZX\WinService.UserAccountFundSync\bin\Debug\WinService.UserAccountFundSync.log。
正在提交程序集“D:\SVN-Proj\SIOTS\trunk\SchoolInternetOfThings\SIOTS_HHZX\WinService.UserAccountFundSync\bin\Debug\WinService.UserAccountFundSync.exe”。
受影响的参数是:
   logtoconsole = 
   assemblypath = D:\SVN-Proj\SIOTS\trunk\SchoolInternetOfThings\SIOTS_HHZX\WinService.UserAccountFundSync\bin\Debug\WinService.UserAccountFundSync.exe
   logfile = D:\SVN-Proj\SIOTS\trunk\SchoolInternetOfThings\SIOTS_HHZX\WinService.UserAccountFundSync\bin\Debug\WinService.UserAccountFundSync.log
正在安装程序集“D:\SVN-Proj\SIOTS\trunk\SchoolInternetOfThings\SIOTS_HHZX\WinService.UserAccountFundSync\bin\Debug\WinService.UserAccountFundSync.exe”。
受影响的参数是:
   assemblypath = D:\SVN-Proj\SIOTS\trunk\SchoolInternetOfThings\SIOTS_HHZX\WinService.UserAccountFundSync\bin\Debug\WinService.UserAccountFundSync.exe
   logfile = D:\SVN-Proj\SIOTS\trunk\SchoolInternetOfThings\SIOTS_HHZX\WinService.UserAccountFundSync\bin\Debug\WinService.UserAccountFundSync.log
正在安装服务 UserAccountFundSyncService...
已成功安装服务 UserAccountFundSyncService。
正在日志 Application 中创建 EventLog 源 UserAccountFundSyncService...
查看日志文件的内容以获得 D:\SVN-Proj\SIOTS\trunk\SchoolInternetOfThings\SIOTS_HHZX\WinService.UserAccountFundSync\bin\Debug\WinService.UserAccountFundSync.exe 程序集的进度。
该文件位于 D:\SVN-Proj\SIOTS\trunk\SchoolInternetOfThings\SIOTS_HHZX\WinService.UserAccountFundSync\bin\Debug\WinService.UserAccountFundSync.log。
正在提交程序集“D:\SVN-Proj\SIOTS\trunk\SchoolInternetOfThings\SIOTS_HHZX\WinService.UserAccountFundSync\bin\Debug\WinService.UserAccountFundSync.exe”。
受影响的参数是:
   logtoconsole = 
   assemblypath = D:\SVN-Proj\SIOTS\trunk\SchoolInternetOfThings\SIOTS_HHZX\WinService.UserAccountFundSync\bin\Debug\WinService.UserAccountFundSync.exe
   logfile = D:\SVN-Proj\SIOTS\trunk\SchoolInternetOfThings\SIOTS_HHZX\WinService.UserAccountFundSync\bin\Debug\WinService.UserAccountFundSync.log
正在安装程序集“D:\Projects\SIOTS_HHZX\SIOTS_HHZX\WinService.UserAccountFundSync\bin\Debug\WinService.UserAccountFundSync.exe”。
受影响的参数是:
   assemblypath = D:\Projects\SIOTS_HHZX\SIOTS_HHZX\WinService.UserAccountFundSync\bin\Debug\WinService.UserAccountFundSync.exe
   logfile = D:\Projects\SIOTS_HHZX\SIOTS_HHZX\WinService.UserAccountFundSync\bin\Debug\WinService.UserAccountFundSync.log
正在安装服务 UserAccountFundSyncService...
正在日志 Application 中创建 EventLog 源 UserAccountFundSyncService...
正在安装程序集“D:\Projects\SIOTS_HHZX\SIOTS_HHZX\WinService.UserAccountFundSync\bin\Debug\WinService.UserAccountFundSync.exe”。
受影响的参数是:
   assemblypath = D:\Projects\SIOTS_HHZX\SIOTS_HHZX\WinService.UserAccountFundSync\bin\Debug\WinService.UserAccountFundSync.exe
   logfile = D:\Projects\SIOTS_HHZX\SIOTS_HHZX\WinService.UserAccountFundSync\bin\Debug\WinService.UserAccountFundSync.log
正在安装服务 UserAccountFundSyncService...
已成功安装服务 UserAccountFundSyncService。
正在日志 Application 中创建 EventLog 源 UserAccountFundSyncService...
查看日志文件的内容以获得 D:\Projects\SIOTS_HHZX\SIOTS_HHZX\WinService.UserAccountFundSync\bin\Debug\WinService.UserAccountFundSync.exe 程序集的进度。
该文件位于 D:\Projects\SIOTS_HHZX\SIOTS_HHZX\WinService.UserAccountFundSync\bin\Debug\WinService.UserAccountFundSync.log。
正在提交程序集“D:\Projects\SIOTS_HHZX\SIOTS_HHZX\WinService.UserAccountFundSync\bin\Debug\WinService.UserAccountFundSync.exe”。
受影响的参数是:
   logtoconsole = 
   assemblypath = D:\Projects\SIOTS_HHZX\SIOTS_HHZX\WinService.UserAccountFundSync\bin\Debug\WinService.UserAccountFundSync.exe
   logfile = D:\Projects\SIOTS_HHZX\SIOTS_HHZX\WinService.UserAccountFundSync\bin\Debug\WinService.UserAccountFundSync.log
正在安装程序集“D:\Projects\SIOTS_HHZX\SIOTS_HHZX\WinService.UserAccountFundSync\bin\Debug\WinService.UserAccountFundSync.exe”。
受影响的参数是:
   assemblypath = D:\Projects\SIOTS_HHZX\SIOTS_HHZX\WinService.UserAccountFundSync\bin\Debug\WinService.UserAccountFundSync.exe
   logfile = D:\Projects\SIOTS_HHZX\SIOTS_HHZX\WinService.UserAccountFundSync\bin\Debug\WinService.UserAccountFundSync.log
正在安装服务 UserAccountFundSyncService...
已成功安装服务 UserAccountFundSyncService。
正在日志 Application 中创建 EventLog 源 UserAccountFundSyncService...
查看日志文件的内容以获得 D:\Projects\SIOTS_HHZX\SIOTS_HHZX\WinService.UserAccountFundSync\bin\Debug\WinService.UserAccountFundSync.exe 程序集的进度。
该文件位于 D:\Projects\SIOTS_HHZX\SIOTS_HHZX\WinService.UserAccountFundSync\bin\Debug\WinService.UserAccountFundSync.log。
正在提交程序集“D:\Projects\SIOTS_HHZX\SIOTS_HHZX\WinService.UserAccountFundSync\bin\Debug\WinService.UserAccountFundSync.exe”。
受影响的参数是:
   logtoconsole = 
   assemblypath = D:\Projects\SIOTS_HHZX\SIOTS_HHZX\WinService.UserAccountFundSync\bin\Debug\WinService.UserAccountFundSync.exe
   logfile = D:\Projects\SIOTS_HHZX\SIOTS_HHZX\WinService.UserAccountFundSync\bin\Debug\WinService.UserAccountFundSync.log
正在安装程序集“D:\SVN-Proj\SIOTS\trunk\SchoolInternetOfThings\SIOTS_HHZX\WinService.UserAccountFundSync\bin\Debug\WinService.UserAccountFundSync.exe”。
受影响的参数是:
   assemblypath = D:\SVN-Proj\SIOTS\trunk\SchoolInternetOfThings\SIOTS_HHZX\WinService.UserAccountFundSync\bin\Debug\WinService.UserAccountFundSync.exe
   logfile = D:\SVN-Proj\SIOTS\trunk\SchoolInternetOfThings\SIOTS_HHZX\WinService.UserAccountFundSync\bin\Debug\WinService.UserAccountFundSync.log
正在安装服务 UserAccountFundSyncService...
已成功安装服务 UserAccountFundSyncService。
正在日志 Application 中创建 EventLog 源 UserAccountFundSyncService...
查看日志文件的内容以获得 D:\SVN-Proj\SIOTS\trunk\SchoolInternetOfThings\SIOTS_HHZX\WinService.UserAccountFundSync\bin\Debug\WinService.UserAccountFundSync.exe 程序集的进度。
该文件位于 D:\SVN-Proj\SIOTS\trunk\SchoolInternetOfThings\SIOTS_HHZX\WinService.UserAccountFundSync\bin\Debug\WinService.UserAccountFundSync.log。
正在提交程序集“D:\SVN-Proj\SIOTS\trunk\SchoolInternetOfThings\SIOTS_HHZX\WinService.UserAccountFundSync\bin\Debug\WinService.UserAccountFundSync.exe”。
受影响的参数是:
   logtoconsole = 
   assemblypath = D:\SVN-Proj\SIOTS\trunk\SchoolInternetOfThings\SIOTS_HHZX\WinService.UserAccountFundSync\bin\Debug\WinService.UserAccountFundSync.exe
   logfile = D:\SVN-Proj\SIOTS\trunk\SchoolInternetOfThings\SIOTS_HHZX\WinService.UserAccountFundSync\bin\Debug\WinService.UserAccountFundSync.log
