正在安装程序集“D:\SVN-Proj\SIOTS\trunk\SchoolInternetOfThings\SIOTS_HHZX\WinService.UserAccountFundSync\bin\Debug\WinService.UserAccountFundSync.vshost.exe”。
受影响的参数是:
   assemblypath = D:\SVN-Proj\SIOTS\trunk\SchoolInternetOfThings\SIOTS_HHZX\WinService.UserAccountFundSync\bin\Debug\WinService.UserAccountFundSync.vshost.exe
   logfile = D:\SVN-Proj\SIOTS\trunk\SchoolInternetOfThings\SIOTS_HHZX\WinService.UserAccountFundSync\bin\Debug\WinService.UserAccountFundSync.vshost.log
没有 RunInstallerAttribute.Yes 的公共安装程序。在 D:\SVN-Proj\SIOTS\trunk\SchoolInternetOfThings\SIOTS_HHZX\WinService.UserAccountFundSync\bin\Debug\WinService.UserAccountFundSync.vshost.exe 程序集中可能可以找到“Yes”属性。
查看日志文件的内容以获得 D:\SVN-Proj\SIOTS\trunk\SchoolInternetOfThings\SIOTS_HHZX\WinService.UserAccountFundSync\bin\Debug\WinService.UserAccountFundSync.vshost.exe 程序集的进度。
该文件位于 D:\SVN-Proj\SIOTS\trunk\SchoolInternetOfThings\SIOTS_HHZX\WinService.UserAccountFundSync\bin\Debug\WinService.UserAccountFundSync.vshost.log。
正在提交程序集“D:\SVN-Proj\SIOTS\trunk\SchoolInternetOfThings\SIOTS_HHZX\WinService.UserAccountFundSync\bin\Debug\WinService.UserAccountFundSync.vshost.exe”。
受影响的参数是:
   logtoconsole = 
   assemblypath = D:\SVN-Proj\SIOTS\trunk\SchoolInternetOfThings\SIOTS_HHZX\WinService.UserAccountFundSync\bin\Debug\WinService.UserAccountFundSync.vshost.exe
   logfile = D:\SVN-Proj\SIOTS\trunk\SchoolInternetOfThings\SIOTS_HHZX\WinService.UserAccountFundSync\bin\Debug\WinService.UserAccountFundSync.vshost.log
没有 RunInstallerAttribute.Yes 的公共安装程序。在 D:\SVN-Proj\SIOTS\trunk\SchoolInternetOfThings\SIOTS_HHZX\WinService.UserAccountFundSync\bin\Debug\WinService.UserAccountFundSync.vshost.exe 程序集中可能可以找到“Yes”属性。
没有安装程序，因此移除 InstallState 文件。
正在安装程序集“D:\SVN-Proj\SIOTS\trunk\SchoolInternetOfThings\SIOTS_HHZX\WinService.UserAccountFundSync\bin\Debug\WinService.UserAccountFundSync.vshost.exe”。
受影响的参数是:
   assemblypath = D:\SVN-Proj\SIOTS\trunk\SchoolInternetOfThings\SIOTS_HHZX\WinService.UserAccountFundSync\bin\Debug\WinService.UserAccountFundSync.vshost.exe
   logfile = D:\SVN-Proj\SIOTS\trunk\SchoolInternetOfThings\SIOTS_HHZX\WinService.UserAccountFundSync\bin\Debug\WinService.UserAccountFundSync.vshost.log
没有 RunInstallerAttribute.Yes 的公共安装程序。在 D:\SVN-Proj\SIOTS\trunk\SchoolInternetOfThings\SIOTS_HHZX\WinService.UserAccountFundSync\bin\Debug\WinService.UserAccountFundSync.vshost.exe 程序集中可能可以找到“Yes”属性。
查看日志文件的内容以获得 D:\SVN-Proj\SIOTS\trunk\SchoolInternetOfThings\SIOTS_HHZX\WinService.UserAccountFundSync\bin\Debug\WinService.UserAccountFundSync.vshost.exe 程序集的进度。
该文件位于 D:\SVN-Proj\SIOTS\trunk\SchoolInternetOfThings\SIOTS_HHZX\WinService.UserAccountFundSync\bin\Debug\WinService.UserAccountFundSync.vshost.log。
正在提交程序集“D:\SVN-Proj\SIOTS\trunk\SchoolInternetOfThings\SIOTS_HHZX\WinService.UserAccountFundSync\bin\Debug\WinService.UserAccountFundSync.vshost.exe”。
受影响的参数是:
   logtoconsole = 
   assemblypath = D:\SVN-Proj\SIOTS\trunk\SchoolInternetOfThings\SIOTS_HHZX\WinService.UserAccountFundSync\bin\Debug\WinService.UserAccountFundSync.vshost.exe
   logfile = D:\SVN-Proj\SIOTS\trunk\SchoolInternetOfThings\SIOTS_HHZX\WinService.UserAccountFundSync\bin\Debug\WinService.UserAccountFundSync.vshost.log
没有 RunInstallerAttribute.Yes 的公共安装程序。在 D:\SVN-Proj\SIOTS\trunk\SchoolInternetOfThings\SIOTS_HHZX\WinService.UserAccountFundSync\bin\Debug\WinService.UserAccountFundSync.vshost.exe 程序集中可能可以找到“Yes”属性。
没有安装程序，因此移除 InstallState 文件。
正在安装程序集“D:\SVN-Proj\SIOTS\trunk\SchoolInternetOfThings\SIOTS_HHZX\WinService.UserAccountFundSync\bin\Debug\WinService.UserAccountFundSync.vshost.exe”。
受影响的参数是:
   assemblypath = D:\SVN-Proj\SIOTS\trunk\SchoolInternetOfThings\SIOTS_HHZX\WinService.UserAccountFundSync\bin\Debug\WinService.UserAccountFundSync.vshost.exe
   logfile = D:\SVN-Proj\SIOTS\trunk\SchoolInternetOfThings\SIOTS_HHZX\WinService.UserAccountFundSync\bin\Debug\WinService.UserAccountFundSync.vshost.log
没有 RunInstallerAttribute.Yes 的公共安装程序。在 D:\SVN-Proj\SIOTS\trunk\SchoolInternetOfThings\SIOTS_HHZX\WinService.UserAccountFundSync\bin\Debug\WinService.UserAccountFundSync.vshost.exe 程序集中可能可以找到“Yes”属性。
查看日志文件的内容以获得 D:\SVN-Proj\SIOTS\trunk\SchoolInternetOfThings\SIOTS_HHZX\WinService.UserAccountFundSync\bin\Debug\WinService.UserAccountFundSync.vshost.exe 程序集的进度。
该文件位于 D:\SVN-Proj\SIOTS\trunk\SchoolInternetOfThings\SIOTS_HHZX\WinService.UserAccountFundSync\bin\Debug\WinService.UserAccountFundSync.vshost.log。
正在提交程序集“D:\SVN-Proj\SIOTS\trunk\SchoolInternetOfThings\SIOTS_HHZX\WinService.UserAccountFundSync\bin\Debug\WinService.UserAccountFundSync.vshost.exe”。
受影响的参数是:
   logtoconsole = 
   assemblypath = D:\SVN-Proj\SIOTS\trunk\SchoolInternetOfThings\SIOTS_HHZX\WinService.UserAccountFundSync\bin\Debug\WinService.UserAccountFundSync.vshost.exe
   logfile = D:\SVN-Proj\SIOTS\trunk\SchoolInternetOfThings\SIOTS_HHZX\WinService.UserAccountFundSync\bin\Debug\WinService.UserAccountFundSync.vshost.log
没有 RunInstallerAttribute.Yes 的公共安装程序。在 D:\SVN-Proj\SIOTS\trunk\SchoolInternetOfThings\SIOTS_HHZX\WinService.UserAccountFundSync\bin\Debug\WinService.UserAccountFundSync.vshost.exe 程序集中可能可以找到“Yes”属性。
没有安装程序，因此移除 InstallState 文件。
